<html>
<head>
<title>TestNG:  Sanity Tests</title>
<link href="../testng.css" rel="stylesheet" type="text/css" />
<link href="../my-testng.css" rel="stylesheet" type="text/css" />

<style type="text/css">
.log { display: none;} 
.stack-trace { display: none;} 
</style>
<script type="text/javascript">
<!--
function flip(e) {
  current = e.style.display;
  if (current == 'block') {
    e.style.display = 'none';
    return 0;
  }
  else {
    e.style.display = 'block';
    return 1;
  }
}

function toggleBox(szDivId, elem, msg1, msg2)
{
  var res = -1;  if (document.getElementById) {
    res = flip(document.getElementById(szDivId));
  }
  else if (document.all) {
    // this is the way old msie versions work
    res = flip(document.all[szDivId]);
  }
  if(elem) {
    if(res == 0) elem.innerHTML = msg1; else elem.innerHTML = msg2;
  }

}

function toggleAllBoxes() {
  if (document.getElementsByTagName) {
    d = document.getElementsByTagName('div');
    for (i = 0; i < d.length; i++) {
      if (d[i].className == 'log') {
        flip(d[i]);
      }
    }
  }
}

// -->
</script>

</head>
<body>
<h2 align='center'>Sanity Tests</h2><table border='1' align="center">
<tr>
<td>Tests passed/Failed/Skipped:</td><td>36/6/0</td>
</tr><tr>
<td>Started on:</td><td>Fri May 11 12:46:40 IST 2018</td>
</tr>
<tr><td>Total time:</td><td>546 seconds (546064 ms)</td>
</tr><tr>
<td>Included groups:</td><td></td>
</tr><tr>
<td>Excluded groups:</td><td></td>
</tr>
</table><p/>
<small><i>(Hover the method name to see the test class name)</i></small><p/>
<table width='100%' border='1' class='invocation-failed'>
<tr><td colspan='4' align='center'><b>FAILED TESTS</b></td></tr>
<tr><td><b>Test method</b></td>
<td width="30%"><b>Exception</b></td>
<td width="10%"><b>Time (seconds)</b></td>
<td><b>Instance</b></td>
</tr>
<tr>
<td title='com.yantra.auto.yrms.scripts.RulesPage_Script.testMasterAccountHoldBalanceRule()'><b>testMasterAccountHoldBalanceRule</b><br>Test class: com.yantra.auto.yrms.scripts.RulesPage_Script<br/>
<a href="#Output-990656849" onClick='toggleBox("Output-990656849", this, "Show output", "Hide output");'>Show output</a>

<a href="#Output-990656849" onClick="toggleAllBoxes();">Show all outputs</a>
<div class='log' id="Output-990656849">
<a href='html/TRANSACTIONRISKASSERTFAILED.png'><img src='html/TRANSACTIONRISKASSERTFAILED.png' height='400' width='800'/></a> <br /><br/>
</div>
</td>
<td><div><pre>java.lang.AssertionError: expected [209] but found [0]
	at com.yantra.auto.yrms.ui.pages.TransactionDocument.navigateToTransactionRiskReportPage(TransactionDocument.java:113)
	at com.yantra.auto.yrms.scripts.RulesPage_Script.testMasterAccountHoldBalanceRule(RulesPage_Script.java:669)
... Removed 29 stack frames</pre></div><a href='#' onClick='toggleBox("stack-trace990656849", this, "Click to show all stack frames", "Click to hide stack frames")'>Click to show all stack frames</a>
<div class='stack-trace' id='stack-trace990656849'><pre>java.lang.AssertionError: expected [209] but found [0]
	at org.testng.Assert.fail(Assert.java:94)
	at org.testng.Assert.failNotEquals(Assert.java:494)
	at org.testng.Assert.assertEquals(Assert.java:123)
	at org.testng.Assert.assertEquals(Assert.java:176)
	at org.testng.Assert.assertEquals(Assert.java:186)
	at com.yantra.auto.yrms.ui.pages.TransactionDocument.navigateToTransactionRiskReportPage(TransactionDocument.java:113)
	at com.yantra.auto.yrms.scripts.RulesPage_Script.testMasterAccountHoldBalanceRule(RulesPage_Script.java:669)
	at sun.reflect.NativeMethodAccessorImpl.invoke0(Native Method)
	at sun.reflect.NativeMethodAccessorImpl.invoke(NativeMethodAccessorImpl.java:62)
	at sun.reflect.DelegatingMethodAccessorImpl.invoke(DelegatingMethodAccessorImpl.java:43)
	at java.lang.reflect.Method.invoke(Method.java:498)
	at org.testng.internal.MethodInvocationHelper.invokeMethod(MethodInvocationHelper.java:80)
	at org.testng.internal.Invoker.invokeMethod(Invoker.java:714)
	at org.testng.internal.Invoker.invokeTestMethod(Invoker.java:901)
	at org.testng.internal.Invoker.invokeTestMethods(Invoker.java:1231)
	at org.testng.internal.TestMethodWorker.invokeTestMethods(TestMethodWorker.java:127)
	at org.testng.internal.TestMethodWorker.run(TestMethodWorker.java:111)
	at org.testng.TestRunner.privateRun(TestRunner.java:767)
	at org.testng.TestRunner.run(TestRunner.java:617)
	at org.testng.SuiteRunner.runTest(SuiteRunner.java:334)
	at org.testng.SuiteRunner.runSequentially(SuiteRunner.java:329)
	at org.testng.SuiteRunner.privateRun(SuiteRunner.java:291)
	at org.testng.SuiteRunner.run(SuiteRunner.java:240)
	at org.testng.SuiteRunnerWorker.runSuite(SuiteRunnerWorker.java:52)
	at org.testng.SuiteRunnerWorker.run(SuiteRunnerWorker.java:86)
	at org.testng.TestNG.runSuitesSequentially(TestNG.java:1198)
	at org.testng.TestNG.runSuitesLocally(TestNG.java:1123)
	at org.testng.TestNG.run(TestNG.java:1031)
	at org.testng.remote.AbstractRemoteTestNG.run(AbstractRemoteTestNG.java:114)
	at org.testng.remote.RemoteTestNG.initAndRun(RemoteTestNG.java:251)
	at org.testng.remote.RemoteTestNG.main(RemoteTestNG.java:77)
</pre></div></td>
<td>9</td>
<td>com.yantra.auto.yrms.scripts.RulesPage_Script@31ef45e3</td></tr>
<tr>
<td title='com.yantra.auto.yrms.scripts.RulesPage_Script.testMasterAccountRunningBalanceRule()'><b>testMasterAccountRunningBalanceRule</b><br>Test class: com.yantra.auto.yrms.scripts.RulesPage_Script<br/>
<a href="#Output-1463835093" onClick='toggleBox("Output-1463835093", this, "Show output", "Hide output");'>Show output</a>

<a href="#Output-1463835093" onClick="toggleAllBoxes();">Show all outputs</a>
<div class='log' id="Output-1463835093">
<a href='html/TRANSACTIONRISKASSERTFAILED.png'><img src='html/TRANSACTIONRISKASSERTFAILED.png' height='400' width='800'/></a> <br /><br/>
</div>
</td>
<td><div><pre>java.lang.AssertionError: expected [207] but found [0]
	at com.yantra.auto.yrms.ui.pages.TransactionDocument.navigateToTransactionRiskReportPage(TransactionDocument.java:113)
	at com.yantra.auto.yrms.scripts.RulesPage_Script.testMasterAccountRunningBalanceRule(RulesPage_Script.java:633)
... Removed 29 stack frames</pre></div><a href='#' onClick='toggleBox("stack-trace1463835093", this, "Click to show all stack frames", "Click to hide stack frames")'>Click to show all stack frames</a>
<div class='stack-trace' id='stack-trace1463835093'><pre>java.lang.AssertionError: expected [207] but found [0]
	at org.testng.Assert.fail(Assert.java:94)
	at org.testng.Assert.failNotEquals(Assert.java:494)
	at org.testng.Assert.assertEquals(Assert.java:123)
	at org.testng.Assert.assertEquals(Assert.java:176)
	at org.testng.Assert.assertEquals(Assert.java:186)
	at com.yantra.auto.yrms.ui.pages.TransactionDocument.navigateToTransactionRiskReportPage(TransactionDocument.java:113)
	at com.yantra.auto.yrms.scripts.RulesPage_Script.testMasterAccountRunningBalanceRule(RulesPage_Script.java:633)
	at sun.reflect.NativeMethodAccessorImpl.invoke0(Native Method)
	at sun.reflect.NativeMethodAccessorImpl.invoke(NativeMethodAccessorImpl.java:62)
	at sun.reflect.DelegatingMethodAccessorImpl.invoke(DelegatingMethodAccessorImpl.java:43)
	at java.lang.reflect.Method.invoke(Method.java:498)
	at org.testng.internal.MethodInvocationHelper.invokeMethod(MethodInvocationHelper.java:80)
	at org.testng.internal.Invoker.invokeMethod(Invoker.java:714)
	at org.testng.internal.Invoker.invokeTestMethod(Invoker.java:901)
	at org.testng.internal.Invoker.invokeTestMethods(Invoker.java:1231)
	at org.testng.internal.TestMethodWorker.invokeTestMethods(TestMethodWorker.java:127)
	at org.testng.internal.TestMethodWorker.run(TestMethodWorker.java:111)
	at org.testng.TestRunner.privateRun(TestRunner.java:767)
	at org.testng.TestRunner.run(TestRunner.java:617)
	at org.testng.SuiteRunner.runTest(SuiteRunner.java:334)
	at org.testng.SuiteRunner.runSequentially(SuiteRunner.java:329)
	at org.testng.SuiteRunner.privateRun(SuiteRunner.java:291)
	at org.testng.SuiteRunner.run(SuiteRunner.java:240)
	at org.testng.SuiteRunnerWorker.runSuite(SuiteRunnerWorker.java:52)
	at org.testng.SuiteRunnerWorker.run(SuiteRunnerWorker.java:86)
	at org.testng.TestNG.runSuitesSequentially(TestNG.java:1198)
	at org.testng.TestNG.runSuitesLocally(TestNG.java:1123)
	at org.testng.TestNG.run(TestNG.java:1031)
	at org.testng.remote.AbstractRemoteTestNG.run(AbstractRemoteTestNG.java:114)
	at org.testng.remote.RemoteTestNG.initAndRun(RemoteTestNG.java:251)
	at org.testng.remote.RemoteTestNG.main(RemoteTestNG.java:77)
</pre></div></td>
<td>9</td>
<td>com.yantra.auto.yrms.scripts.RulesPage_Script@31ef45e3</td></tr>
<tr>
<td title='com.yantra.auto.yrms.scripts.RulesPage_Script.testMasterAccountTrialBalanceRule()'><b>testMasterAccountTrialBalanceRule</b><br>Test class: com.yantra.auto.yrms.scripts.RulesPage_Script<br/>
<a href="#Output-1644155208" onClick='toggleBox("Output-1644155208", this, "Show output", "Hide output");'>Show output</a>

<a href="#Output-1644155208" onClick="toggleAllBoxes();">Show all outputs</a>
<div class='log' id="Output-1644155208">
<a href='html/TRANSACTIONRISKASSERTFAILED.png'><img src='html/TRANSACTIONRISKASSERTFAILED.png' height='400' width='800'/></a> <br /><br/>
</div>
</td>
<td><div><pre>java.lang.AssertionError: expected [208] but found [0]
	at com.yantra.auto.yrms.ui.pages.TransactionDocument.navigateToTransactionRiskReportPage(TransactionDocument.java:113)
	at com.yantra.auto.yrms.scripts.RulesPage_Script.testMasterAccountTrialBalanceRule(RulesPage_Script.java:651)
... Removed 29 stack frames</pre></div><a href='#' onClick='toggleBox("stack-trace1644155208", this, "Click to show all stack frames", "Click to hide stack frames")'>Click to show all stack frames</a>
<div class='stack-trace' id='stack-trace1644155208'><pre>java.lang.AssertionError: expected [208] but found [0]
	at org.testng.Assert.fail(Assert.java:94)
	at org.testng.Assert.failNotEquals(Assert.java:494)
	at org.testng.Assert.assertEquals(Assert.java:123)
	at org.testng.Assert.assertEquals(Assert.java:176)
	at org.testng.Assert.assertEquals(Assert.java:186)
	at com.yantra.auto.yrms.ui.pages.TransactionDocument.navigateToTransactionRiskReportPage(TransactionDocument.java:113)
	at com.yantra.auto.yrms.scripts.RulesPage_Script.testMasterAccountTrialBalanceRule(RulesPage_Script.java:651)
	at sun.reflect.NativeMethodAccessorImpl.invoke0(Native Method)
	at sun.reflect.NativeMethodAccessorImpl.invoke(NativeMethodAccessorImpl.java:62)
	at sun.reflect.DelegatingMethodAccessorImpl.invoke(DelegatingMethodAccessorImpl.java:43)
	at java.lang.reflect.Method.invoke(Method.java:498)
	at org.testng.internal.MethodInvocationHelper.invokeMethod(MethodInvocationHelper.java:80)
	at org.testng.internal.Invoker.invokeMethod(Invoker.java:714)
	at org.testng.internal.Invoker.invokeTestMethod(Invoker.java:901)
	at org.testng.internal.Invoker.invokeTestMethods(Invoker.java:1231)
	at org.testng.internal.TestMethodWorker.invokeTestMethods(TestMethodWorker.java:127)
	at org.testng.internal.TestMethodWorker.run(TestMethodWorker.java:111)
	at org.testng.TestRunner.privateRun(TestRunner.java:767)
	at org.testng.TestRunner.run(TestRunner.java:617)
	at org.testng.SuiteRunner.runTest(SuiteRunner.java:334)
	at org.testng.SuiteRunner.runSequentially(SuiteRunner.java:329)
	at org.testng.SuiteRunner.privateRun(SuiteRunner.java:291)
	at org.testng.SuiteRunner.run(SuiteRunner.java:240)
	at org.testng.SuiteRunnerWorker.runSuite(SuiteRunnerWorker.java:52)
	at org.testng.SuiteRunnerWorker.run(SuiteRunnerWorker.java:86)
	at org.testng.TestNG.runSuitesSequentially(TestNG.java:1198)
	at org.testng.TestNG.runSuitesLocally(TestNG.java:1123)
	at org.testng.TestNG.run(TestNG.java:1031)
	at org.testng.remote.AbstractRemoteTestNG.run(AbstractRemoteTestNG.java:114)
	at org.testng.remote.RemoteTestNG.initAndRun(RemoteTestNG.java:251)
	at org.testng.remote.RemoteTestNG.main(RemoteTestNG.java:77)
</pre></div></td>
<td>9</td>
<td>com.yantra.auto.yrms.scripts.RulesPage_Script@31ef45e3</td></tr>
<tr>
<td title='com.yantra.auto.yrms.scripts.RulesPage_Script.testSecondaryAccountHoldBalanceRule()'><b>testSecondaryAccountHoldBalanceRule</b><br>Test class: com.yantra.auto.yrms.scripts.RulesPage_Script<br/>
<a href="#Output-1333520072" onClick='toggleBox("Output-1333520072", this, "Show output", "Hide output");'>Show output</a>

<a href="#Output-1333520072" onClick="toggleAllBoxes();">Show all outputs</a>
<div class='log' id="Output-1333520072">
<a href='html/TRANSACTIONRISKASSERTFAILED.png'><img src='html/TRANSACTIONRISKASSERTFAILED.png' height='400' width='800'/></a> <br /><br/>
</div>
</td>
<td><div><pre>java.lang.AssertionError: expected [212] but found [0]
	at com.yantra.auto.yrms.ui.pages.TransactionDocument.navigateToTransactionRiskReportPage(TransactionDocument.java:113)
	at com.yantra.auto.yrms.scripts.RulesPage_Script.testSecondaryAccountHoldBalanceRule(RulesPage_Script.java:723)
... Removed 29 stack frames</pre></div><a href='#' onClick='toggleBox("stack-trace1333520072", this, "Click to show all stack frames", "Click to hide stack frames")'>Click to show all stack frames</a>
<div class='stack-trace' id='stack-trace1333520072'><pre>java.lang.AssertionError: expected [212] but found [0]
	at org.testng.Assert.fail(Assert.java:94)
	at org.testng.Assert.failNotEquals(Assert.java:494)
	at org.testng.Assert.assertEquals(Assert.java:123)
	at org.testng.Assert.assertEquals(Assert.java:176)
	at org.testng.Assert.assertEquals(Assert.java:186)
	at com.yantra.auto.yrms.ui.pages.TransactionDocument.navigateToTransactionRiskReportPage(TransactionDocument.java:113)
	at com.yantra.auto.yrms.scripts.RulesPage_Script.testSecondaryAccountHoldBalanceRule(RulesPage_Script.java:723)
	at sun.reflect.NativeMethodAccessorImpl.invoke0(Native Method)
	at sun.reflect.NativeMethodAccessorImpl.invoke(NativeMethodAccessorImpl.java:62)
	at sun.reflect.DelegatingMethodAccessorImpl.invoke(DelegatingMethodAccessorImpl.java:43)
	at java.lang.reflect.Method.invoke(Method.java:498)
	at org.testng.internal.MethodInvocationHelper.invokeMethod(MethodInvocationHelper.java:80)
	at org.testng.internal.Invoker.invokeMethod(Invoker.java:714)
	at org.testng.internal.Invoker.invokeTestMethod(Invoker.java:901)
	at org.testng.internal.Invoker.invokeTestMethods(Invoker.java:1231)
	at org.testng.internal.TestMethodWorker.invokeTestMethods(TestMethodWorker.java:127)
	at org.testng.internal.TestMethodWorker.run(TestMethodWorker.java:111)
	at org.testng.TestRunner.privateRun(TestRunner.java:767)
	at org.testng.TestRunner.run(TestRunner.java:617)
	at org.testng.SuiteRunner.runTest(SuiteRunner.java:334)
	at org.testng.SuiteRunner.runSequentially(SuiteRunner.java:329)
	at org.testng.SuiteRunner.privateRun(SuiteRunner.java:291)
	at org.testng.SuiteRunner.run(SuiteRunner.java:240)
	at org.testng.SuiteRunnerWorker.runSuite(SuiteRunnerWorker.java:52)
	at org.testng.SuiteRunnerWorker.run(SuiteRunnerWorker.java:86)
	at org.testng.TestNG.runSuitesSequentially(TestNG.java:1198)
	at org.testng.TestNG.runSuitesLocally(TestNG.java:1123)
	at org.testng.TestNG.run(TestNG.java:1031)
	at org.testng.remote.AbstractRemoteTestNG.run(AbstractRemoteTestNG.java:114)
	at org.testng.remote.RemoteTestNG.initAndRun(RemoteTestNG.java:251)
	at org.testng.remote.RemoteTestNG.main(RemoteTestNG.java:77)
</pre></div></td>
<td>9</td>
<td>com.yantra.auto.yrms.scripts.RulesPage_Script@31ef45e3</td></tr>
<tr>
<td title='com.yantra.auto.yrms.scripts.RulesPage_Script.testSecondaryAccountRunningBalanceRule()'><b>testSecondaryAccountRunningBalanceRule</b><br>Test class: com.yantra.auto.yrms.scripts.RulesPage_Script<br/>
<a href="#Output-257585702" onClick='toggleBox("Output-257585702", this, "Show output", "Hide output");'>Show output</a>

<a href="#Output-257585702" onClick="toggleAllBoxes();">Show all outputs</a>
<div class='log' id="Output-257585702">
<a href='html/TRANSACTIONRISKASSERTFAILED.png'><img src='html/TRANSACTIONRISKASSERTFAILED.png' height='400' width='800'/></a> <br /><br/>
</div>
</td>
<td><div><pre>java.lang.AssertionError: expected [210] but found [0]
	at com.yantra.auto.yrms.ui.pages.TransactionDocument.navigateToTransactionRiskReportPage(TransactionDocument.java:113)
	at com.yantra.auto.yrms.scripts.RulesPage_Script.testSecondaryAccountRunningBalanceRule(RulesPage_Script.java:687)
... Removed 29 stack frames</pre></div><a href='#' onClick='toggleBox("stack-trace257585702", this, "Click to show all stack frames", "Click to hide stack frames")'>Click to show all stack frames</a>
<div class='stack-trace' id='stack-trace257585702'><pre>java.lang.AssertionError: expected [210] but found [0]
	at org.testng.Assert.fail(Assert.java:94)
	at org.testng.Assert.failNotEquals(Assert.java:494)
	at org.testng.Assert.assertEquals(Assert.java:123)
	at org.testng.Assert.assertEquals(Assert.java:176)
	at org.testng.Assert.assertEquals(Assert.java:186)
	at com.yantra.auto.yrms.ui.pages.TransactionDocument.navigateToTransactionRiskReportPage(TransactionDocument.java:113)
	at com.yantra.auto.yrms.scripts.RulesPage_Script.testSecondaryAccountRunningBalanceRule(RulesPage_Script.java:687)
	at sun.reflect.NativeMethodAccessorImpl.invoke0(Native Method)
	at sun.reflect.NativeMethodAccessorImpl.invoke(NativeMethodAccessorImpl.java:62)
	at sun.reflect.DelegatingMethodAccessorImpl.invoke(DelegatingMethodAccessorImpl.java:43)
	at java.lang.reflect.Method.invoke(Method.java:498)
	at org.testng.internal.MethodInvocationHelper.invokeMethod(MethodInvocationHelper.java:80)
	at org.testng.internal.Invoker.invokeMethod(Invoker.java:714)
	at org.testng.internal.Invoker.invokeTestMethod(Invoker.java:901)
	at org.testng.internal.Invoker.invokeTestMethods(Invoker.java:1231)
	at org.testng.internal.TestMethodWorker.invokeTestMethods(TestMethodWorker.java:127)
	at org.testng.internal.TestMethodWorker.run(TestMethodWorker.java:111)
	at org.testng.TestRunner.privateRun(TestRunner.java:767)
	at org.testng.TestRunner.run(TestRunner.java:617)
	at org.testng.SuiteRunner.runTest(SuiteRunner.java:334)
	at org.testng.SuiteRunner.runSequentially(SuiteRunner.java:329)
	at org.testng.SuiteRunner.privateRun(SuiteRunner.java:291)
	at org.testng.SuiteRunner.run(SuiteRunner.java:240)
	at org.testng.SuiteRunnerWorker.runSuite(SuiteRunnerWorker.java:52)
	at org.testng.SuiteRunnerWorker.run(SuiteRunnerWorker.java:86)
	at org.testng.TestNG.runSuitesSequentially(TestNG.java:1198)
	at org.testng.TestNG.runSuitesLocally(TestNG.java:1123)
	at org.testng.TestNG.run(TestNG.java:1031)
	at org.testng.remote.AbstractRemoteTestNG.run(AbstractRemoteTestNG.java:114)
	at org.testng.remote.RemoteTestNG.initAndRun(RemoteTestNG.java:251)
	at org.testng.remote.RemoteTestNG.main(RemoteTestNG.java:77)
</pre></div></td>
<td>9</td>
<td>com.yantra.auto.yrms.scripts.RulesPage_Script@31ef45e3</td></tr>
<tr>
<td title='com.yantra.auto.yrms.scripts.RulesPage_Script.testSecondaryAccountTrialBalanceRule()'><b>testSecondaryAccountTrialBalanceRule</b><br>Test class: com.yantra.auto.yrms.scripts.RulesPage_Script<br/>
<a href="#Output-37528429" onClick='toggleBox("Output-37528429", this, "Show output", "Hide output");'>Show output</a>

<a href="#Output-37528429" onClick="toggleAllBoxes();">Show all outputs</a>
<div class='log' id="Output-37528429">
<a href='html/TRANSACTIONRISKASSERTFAILED.png'><img src='html/TRANSACTIONRISKASSERTFAILED.png' height='400' width='800'/></a> <br /><br/>
</div>
</td>
<td><div><pre>java.lang.AssertionError: expected [211] but found [0]
	at com.yantra.auto.yrms.ui.pages.TransactionDocument.navigateToTransactionRiskReportPage(TransactionDocument.java:113)
	at com.yantra.auto.yrms.scripts.RulesPage_Script.testSecondaryAccountTrialBalanceRule(RulesPage_Script.java:705)
... Removed 29 stack frames</pre></div><a href='#' onClick='toggleBox("stack-trace37528429", this, "Click to show all stack frames", "Click to hide stack frames")'>Click to show all stack frames</a>
<div class='stack-trace' id='stack-trace37528429'><pre>java.lang.AssertionError: expected [211] but found [0]
	at org.testng.Assert.fail(Assert.java:94)
	at org.testng.Assert.failNotEquals(Assert.java:494)
	at org.testng.Assert.assertEquals(Assert.java:123)
	at org.testng.Assert.assertEquals(Assert.java:176)
	at org.testng.Assert.assertEquals(Assert.java:186)
	at com.yantra.auto.yrms.ui.pages.TransactionDocument.navigateToTransactionRiskReportPage(TransactionDocument.java:113)
	at com.yantra.auto.yrms.scripts.RulesPage_Script.testSecondaryAccountTrialBalanceRule(RulesPage_Script.java:705)
	at sun.reflect.NativeMethodAccessorImpl.invoke0(Native Method)
	at sun.reflect.NativeMethodAccessorImpl.invoke(NativeMethodAccessorImpl.java:62)
	at sun.reflect.DelegatingMethodAccessorImpl.invoke(DelegatingMethodAccessorImpl.java:43)
	at java.lang.reflect.Method.invoke(Method.java:498)
	at org.testng.internal.MethodInvocationHelper.invokeMethod(MethodInvocationHelper.java:80)
	at org.testng.internal.Invoker.invokeMethod(Invoker.java:714)
	at org.testng.internal.Invoker.invokeTestMethod(Invoker.java:901)
	at org.testng.internal.Invoker.invokeTestMethods(Invoker.java:1231)
	at org.testng.internal.TestMethodWorker.invokeTestMethods(TestMethodWorker.java:127)
	at org.testng.internal.TestMethodWorker.run(TestMethodWorker.java:111)
	at org.testng.TestRunner.privateRun(TestRunner.java:767)
	at org.testng.TestRunner.run(TestRunner.java:617)
	at org.testng.SuiteRunner.runTest(SuiteRunner.java:334)
	at org.testng.SuiteRunner.runSequentially(SuiteRunner.java:329)
	at org.testng.SuiteRunner.privateRun(SuiteRunner.java:291)
	at org.testng.SuiteRunner.run(SuiteRunner.java:240)
	at org.testng.SuiteRunnerWorker.runSuite(SuiteRunnerWorker.java:52)
	at org.testng.SuiteRunnerWorker.run(SuiteRunnerWorker.java:86)
	at org.testng.TestNG.runSuitesSequentially(TestNG.java:1198)
	at org.testng.TestNG.runSuitesLocally(TestNG.java:1123)
	at org.testng.TestNG.run(TestNG.java:1031)
	at org.testng.remote.AbstractRemoteTestNG.run(AbstractRemoteTestNG.java:114)
	at org.testng.remote.RemoteTestNG.initAndRun(RemoteTestNG.java:251)
	at org.testng.remote.RemoteTestNG.main(RemoteTestNG.java:77)
</pre></div></td>
<td>9</td>
<td>com.yantra.auto.yrms.scripts.RulesPage_Script@31ef45e3</td></tr>
</table><p>
<table width='100%' border='1' class='invocation-passed'>
<tr><td colspan='4' align='center'><b>PASSED TESTS</b></td></tr>
<tr><td><b>Test method</b></td>
<td width="30%"><b>Exception</b></td>
<td width="10%"><b>Time (seconds)</b></td>
<td><b>Instance</b></td>
</tr>
<tr>
<td title='com.yantra.auto.yrms.scripts.RulesPage_Script.testDormantAccount()'><b>testDormantAccount</b><br>Test class: com.yantra.auto.yrms.scripts.RulesPage_Script</td>
<td></td>
<td>11</td>
<td>com.yantra.auto.yrms.scripts.RulesPage_Script@31ef45e3</td></tr>
<tr>
<td title='com.yantra.auto.yrms.scripts.RulesPage_Script.testMFPIPRule()'><b>testMFPIPRule</b><br>Test class: com.yantra.auto.yrms.scripts.RulesPage_Script</td>
<td></td>
<td>10</td>
<td>com.yantra.auto.yrms.scripts.RulesPage_Script@31ef45e3</td></tr>
<tr>
<td title='com.yantra.auto.yrms.scripts.RulesPage_Script.testMFPMACRule()'><b>testMFPMACRule</b><br>Test class: com.yantra.auto.yrms.scripts.RulesPage_Script</td>
<td></td>
<td>9</td>
<td>com.yantra.auto.yrms.scripts.RulesPage_Script@31ef45e3</td></tr>
<tr>
<td title='com.yantra.auto.yrms.scripts.RulesPage_Script.testMasterAccountNumberRule()'><b>testMasterAccountNumberRule</b><br>Test class: com.yantra.auto.yrms.scripts.RulesPage_Script</td>
<td></td>
<td>10</td>
<td>com.yantra.auto.yrms.scripts.RulesPage_Script@31ef45e3</td></tr>
<tr>
<td title='com.yantra.auto.yrms.scripts.RulesPage_Script.testMasterAccountStatusRule()'><b>testMasterAccountStatusRule</b><br>Test class: com.yantra.auto.yrms.scripts.RulesPage_Script</td>
<td></td>
<td>9</td>
<td>com.yantra.auto.yrms.scripts.RulesPage_Script@31ef45e3</td></tr>
<tr>
<td title='com.yantra.auto.yrms.scripts.RulesPage_Script.testMasterAccountTypeRule()'><b>testMasterAccountTypeRule</b><br>Test class: com.yantra.auto.yrms.scripts.RulesPage_Script</td>
<td></td>
<td>9</td>
<td>com.yantra.auto.yrms.scripts.RulesPage_Script@31ef45e3</td></tr>
<tr>
<td title='com.yantra.auto.yrms.scripts.RulesPage_Script.testMasterCurrencyCodeRule()'><b>testMasterCurrencyCodeRule</b><br>Test class: com.yantra.auto.yrms.scripts.RulesPage_Script</td>
<td></td>
<td>9</td>
<td>com.yantra.auto.yrms.scripts.RulesPage_Script@31ef45e3</td></tr>
<tr>
<td title='com.yantra.auto.yrms.scripts.RulesPage_Script.testMasterDOBRule()'><b>testMasterDOBRule</b><br>Test class: com.yantra.auto.yrms.scripts.RulesPage_Script</td>
<td></td>
<td>10</td>
<td>com.yantra.auto.yrms.scripts.RulesPage_Script@31ef45e3</td></tr>
<tr>
<td title='com.yantra.auto.yrms.scripts.RulesPage_Script.testMasterDOERule()'><b>testMasterDOERule</b><br>Test class: com.yantra.auto.yrms.scripts.RulesPage_Script</td>
<td></td>
<td>9</td>
<td>com.yantra.auto.yrms.scripts.RulesPage_Script@31ef45e3</td></tr>
<tr>
<td title='com.yantra.auto.yrms.scripts.RulesPage_Script.testMasterHolderCityRule()'><b>testMasterHolderCityRule</b><br>Test class: com.yantra.auto.yrms.scripts.RulesPage_Script</td>
<td></td>
<td>9</td>
<td>com.yantra.auto.yrms.scripts.RulesPage_Script@31ef45e3</td></tr>
<tr>
<td title='com.yantra.auto.yrms.scripts.RulesPage_Script.testMasterHolderCountryCodeRule()'><b>testMasterHolderCountryCodeRule</b><br>Test class: com.yantra.auto.yrms.scripts.RulesPage_Script</td>
<td></td>
<td>10</td>
<td>com.yantra.auto.yrms.scripts.RulesPage_Script@31ef45e3</td></tr>
<tr>
<td title='com.yantra.auto.yrms.scripts.RulesPage_Script.testMasterHolderIDRule()'><b>testMasterHolderIDRule</b><br>Test class: com.yantra.auto.yrms.scripts.RulesPage_Script</td>
<td></td>
<td>10</td>
<td>com.yantra.auto.yrms.scripts.RulesPage_Script@31ef45e3</td></tr>
<tr>
<td title='com.yantra.auto.yrms.scripts.RulesPage_Script.testMasterHolderNameRule()'><b>testMasterHolderNameRule</b><br>Test class: com.yantra.auto.yrms.scripts.RulesPage_Script</td>
<td></td>
<td>10</td>
<td>com.yantra.auto.yrms.scripts.RulesPage_Script@31ef45e3</td></tr>
<tr>
<td title='com.yantra.auto.yrms.scripts.RulesPage_Script.testMasterHolderStateRule()'><b>testMasterHolderStateRule</b><br>Test class: com.yantra.auto.yrms.scripts.RulesPage_Script</td>
<td></td>
<td>10</td>
<td>com.yantra.auto.yrms.scripts.RulesPage_Script@31ef45e3</td></tr>
<tr>
<td title='com.yantra.auto.yrms.scripts.RulesPage_Script.testMasterHolderZipCodeRule()'><b>testMasterHolderZipCodeRule</b><br>Test class: com.yantra.auto.yrms.scripts.RulesPage_Script</td>
<td></td>
<td>10</td>
<td>com.yantra.auto.yrms.scripts.RulesPage_Script@31ef45e3</td></tr>
<tr>
<td title='com.yantra.auto.yrms.scripts.RulesPage_Script.testNavigateToAddRulePage()'><b>testNavigateToAddRulePage</b><br>Test class: com.yantra.auto.yrms.scripts.RulesPage_Script</td>
<td></td>
<td>5</td>
<td>com.yantra.auto.yrms.scripts.RulesPage_Script@31ef45e3</td></tr>
<tr>
<td title='com.yantra.auto.yrms.scripts.RulesPage_Script.testNavigateToRulesPage()'><b>testNavigateToRulesPage</b><br>Test class: com.yantra.auto.yrms.scripts.RulesPage_Script</td>
<td></td>
<td>2</td>
<td>com.yantra.auto.yrms.scripts.RulesPage_Script@31ef45e3</td></tr>
<tr>
<td title='com.yantra.auto.yrms.scripts.RulesPage_Script.testOriginCountryCodeRule()'><b>testOriginCountryCodeRule</b><br>Test class: com.yantra.auto.yrms.scripts.RulesPage_Script</td>
<td></td>
<td>9</td>
<td>com.yantra.auto.yrms.scripts.RulesPage_Script@31ef45e3</td></tr>
<tr>
<td title='com.yantra.auto.yrms.scripts.RulesPage_Script.testProcessingCodeRule()'><b>testProcessingCodeRule</b><br>Test class: com.yantra.auto.yrms.scripts.RulesPage_Script</td>
<td></td>
<td>10</td>
<td>com.yantra.auto.yrms.scripts.RulesPage_Script@31ef45e3</td></tr>
<tr>
<td title='com.yantra.auto.yrms.scripts.RulesPage_Script.testReceivingCountryCodeRule()'><b>testReceivingCountryCodeRule</b><br>Test class: com.yantra.auto.yrms.scripts.RulesPage_Script</td>
<td></td>
<td>10</td>
<td>com.yantra.auto.yrms.scripts.RulesPage_Script@31ef45e3</td></tr>
<tr>
<td title='com.yantra.auto.yrms.scripts.RulesPage_Script.testSecondaryAccountCurrencyCodeRule()'><b>testSecondaryAccountCurrencyCodeRule</b><br>Test class: com.yantra.auto.yrms.scripts.RulesPage_Script</td>
<td></td>
<td>9</td>
<td>com.yantra.auto.yrms.scripts.RulesPage_Script@31ef45e3</td></tr>
<tr>
<td title='com.yantra.auto.yrms.scripts.RulesPage_Script.testSecondaryAccountNumberRule()'><b>testSecondaryAccountNumberRule</b><br>Test class: com.yantra.auto.yrms.scripts.RulesPage_Script</td>
<td></td>
<td>8</td>
<td>com.yantra.auto.yrms.scripts.RulesPage_Script@31ef45e3</td></tr>
<tr>
<td title='com.yantra.auto.yrms.scripts.RulesPage_Script.testSecondaryAccountStatusRule()'><b>testSecondaryAccountStatusRule</b><br>Test class: com.yantra.auto.yrms.scripts.RulesPage_Script</td>
<td></td>
<td>9</td>
<td>com.yantra.auto.yrms.scripts.RulesPage_Script@31ef45e3</td></tr>
<tr>
<td title='com.yantra.auto.yrms.scripts.RulesPage_Script.testSecondaryAccountTypeRule()'><b>testSecondaryAccountTypeRule</b><br>Test class: com.yantra.auto.yrms.scripts.RulesPage_Script</td>
<td></td>
<td>9</td>
<td>com.yantra.auto.yrms.scripts.RulesPage_Script@31ef45e3</td></tr>
<tr>
<td title='com.yantra.auto.yrms.scripts.RulesPage_Script.testSecondaryDOBRule()'><b>testSecondaryDOBRule</b><br>Test class: com.yantra.auto.yrms.scripts.RulesPage_Script</td>
<td></td>
<td>9</td>
<td>com.yantra.auto.yrms.scripts.RulesPage_Script@31ef45e3</td></tr>
<tr>
<td title='com.yantra.auto.yrms.scripts.RulesPage_Script.testSecondaryDOERule()'><b>testSecondaryDOERule</b><br>Test class: com.yantra.auto.yrms.scripts.RulesPage_Script</td>
<td></td>
<td>10</td>
<td>com.yantra.auto.yrms.scripts.RulesPage_Script@31ef45e3</td></tr>
<tr>
<td title='com.yantra.auto.yrms.scripts.RulesPage_Script.testSecondaryHolderCityRule()'><b>testSecondaryHolderCityRule</b><br>Test class: com.yantra.auto.yrms.scripts.RulesPage_Script</td>
<td></td>
<td>8</td>
<td>com.yantra.auto.yrms.scripts.RulesPage_Script@31ef45e3</td></tr>
<tr>
<td title='com.yantra.auto.yrms.scripts.RulesPage_Script.testSecondaryHolderCountryCodeRule()'><b>testSecondaryHolderCountryCodeRule</b><br>Test class: com.yantra.auto.yrms.scripts.RulesPage_Script</td>
<td></td>
<td>9</td>
<td>com.yantra.auto.yrms.scripts.RulesPage_Script@31ef45e3</td></tr>
<tr>
<td title='com.yantra.auto.yrms.scripts.RulesPage_Script.testSecondaryHolderIDRule()'><b>testSecondaryHolderIDRule</b><br>Test class: com.yantra.auto.yrms.scripts.RulesPage_Script</td>
<td></td>
<td>8</td>
<td>com.yantra.auto.yrms.scripts.RulesPage_Script@31ef45e3</td></tr>
<tr>
<td title='com.yantra.auto.yrms.scripts.RulesPage_Script.testSecondaryHolderNameRule()'><b>testSecondaryHolderNameRule</b><br>Test class: com.yantra.auto.yrms.scripts.RulesPage_Script</td>
<td></td>
<td>10</td>
<td>com.yantra.auto.yrms.scripts.RulesPage_Script@31ef45e3</td></tr>
<tr>
<td title='com.yantra.auto.yrms.scripts.RulesPage_Script.testSecondaryHolderStateRule()'><b>testSecondaryHolderStateRule</b><br>Test class: com.yantra.auto.yrms.scripts.RulesPage_Script</td>
<td></td>
<td>10</td>
<td>com.yantra.auto.yrms.scripts.RulesPage_Script@31ef45e3</td></tr>
<tr>
<td title='com.yantra.auto.yrms.scripts.RulesPage_Script.testSecondaryHolderZipCodeRule()'><b>testSecondaryHolderZipCodeRule</b><br>Test class: com.yantra.auto.yrms.scripts.RulesPage_Script</td>
<td></td>
<td>10</td>
<td>com.yantra.auto.yrms.scripts.RulesPage_Script@31ef45e3</td></tr>
<tr>
<td title='com.yantra.auto.yrms.scripts.RulesPage_Script.testSettlementTypeRule()'><b>testSettlementTypeRule</b><br>Test class: com.yantra.auto.yrms.scripts.RulesPage_Script</td>
<td></td>
<td>9</td>
<td>com.yantra.auto.yrms.scripts.RulesPage_Script@31ef45e3</td></tr>
<tr>
<td title='com.yantra.auto.yrms.scripts.RulesPage_Script.testTLimits()'><b>testTLimits</b><br>Test class: com.yantra.auto.yrms.scripts.RulesPage_Script</td>
<td></td>
<td>10</td>
<td>com.yantra.auto.yrms.scripts.RulesPage_Script@31ef45e3</td></tr>
<tr>
<td title='com.yantra.auto.yrms.scripts.RulesPage_Script.testTransactionCodeRule()'><b>testTransactionCodeRule</b><br>Test class: com.yantra.auto.yrms.scripts.RulesPage_Script</td>
<td></td>
<td>9</td>
<td>com.yantra.auto.yrms.scripts.RulesPage_Script@31ef45e3</td></tr>
<tr>
<td title='com.yantra.auto.yrms.scripts.RulesPage_Script.testTransactionNumberRule()'><b>testTransactionNumberRule</b><br>Test class: com.yantra.auto.yrms.scripts.RulesPage_Script</td>
<td></td>
<td>9</td>
<td>com.yantra.auto.yrms.scripts.RulesPage_Script@31ef45e3</td></tr>
</table><p>
</body>
</html>