<?xml version="1.0" encoding="UTF-8"?>
<testng-results skipped="0" failed="6" total="42" passed="36">
  <reporter-output>
    <line>
      <![CDATA[<a href='html/TRANSACTIONRISKASSERTFAILED.png'><img src='html/TRANSACTIONRISKASSERTFAILED.png' height='400' width='800'/></a> <br />]]>
    </line>
    <line>
      <![CDATA[<a href='html/TRANSACTIONRISKASSERTFAILED.png'><img src='html/TRANSACTIONRISKASSERTFAILED.png' height='400' width='800'/></a> <br />]]>
    </line>
    <line>
      <![CDATA[<a href='html/TRANSACTIONRISKASSERTFAILED.png'><img src='html/TRANSACTIONRISKASSERTFAILED.png' height='400' width='800'/></a> <br />]]>
    </line>
    <line>
      <![CDATA[<a href='html/TRANSACTIONRISKASSERTFAILED.png'><img src='html/TRANSACTIONRISKASSERTFAILED.png' height='400' width='800'/></a> <br />]]>
    </line>
    <line>
      <![CDATA[<a href='html/TRANSACTIONRISKASSERTFAILED.png'><img src='html/TRANSACTIONRISKASSERTFAILED.png' height='400' width='800'/></a> <br />]]>
    </line>
    <line>
      <![CDATA[<a href='html/TRANSACTIONRISKASSERTFAILED.png'><img src='html/TRANSACTIONRISKASSERTFAILED.png' height='400' width='800'/></a> <br />]]>
    </line>
  </reporter-output>
  <suite name="YRMS Test Suite" duration-ms="546064" started-at="2018-05-11T07:16:40Z" finished-at="2018-05-11T07:25:46Z">
    <groups>
    </groups>
    <test name="Sanity Tests" duration-ms="546064" started-at="2018-05-11T07:16:40Z" finished-at="2018-05-11T07:25:46Z">
      <class name="com.yantra.auto.yrms.scripts.RulesPage_Script">
        <test-method status="PASS" signature="setup()[pri:0, instance:com.yantra.auto.yrms.scripts.RulesPage_Script@31ef45e3]" name="setup" is-config="true" duration-ms="5975" started-at="2018-05-11T12:46:40Z" finished-at="2018-05-11T12:46:46Z">
          <reporter-output>
          </reporter-output>
        </test-method> <!-- setup -->
        <test-method status="PASS" signature="testNavigateToRulesPage()[pri:0, instance:com.yantra.auto.yrms.scripts.RulesPage_Script@31ef45e3]" name="testNavigateToRulesPage" duration-ms="2889" started-at="2018-05-11T12:46:46Z" finished-at="2018-05-11T12:46:49Z">
          <reporter-output>
          </reporter-output>
        </test-method> <!-- testNavigateToRulesPage -->
        <test-method status="PASS" signature="tearDown()[pri:0, instance:com.yantra.auto.yrms.scripts.RulesPage_Script@31ef45e3]" name="tearDown" is-config="true" duration-ms="377" started-at="2018-05-11T12:46:49Z" finished-at="2018-05-11T12:46:50Z">
          <reporter-output>
          </reporter-output>
        </test-method> <!-- tearDown -->
        <test-method status="PASS" signature="setup()[pri:0, instance:com.yantra.auto.yrms.scripts.RulesPage_Script@31ef45e3]" name="setup" is-config="true" duration-ms="4391" started-at="2018-05-11T12:46:50Z" finished-at="2018-05-11T12:46:54Z">
          <reporter-output>
          </reporter-output>
        </test-method> <!-- setup -->
        <test-method status="PASS" signature="testNavigateToAddRulePage()[pri:0, instance:com.yantra.auto.yrms.scripts.RulesPage_Script@31ef45e3]" name="testNavigateToAddRulePage" duration-ms="5132" started-at="2018-05-11T12:46:54Z" finished-at="2018-05-11T12:46:59Z">
          <reporter-output>
          </reporter-output>
        </test-method> <!-- testNavigateToAddRulePage -->
        <test-method status="PASS" signature="tearDown()[pri:0, instance:com.yantra.auto.yrms.scripts.RulesPage_Script@31ef45e3]" name="tearDown" is-config="true" duration-ms="307" started-at="2018-05-11T12:46:59Z" finished-at="2018-05-11T12:46:59Z">
          <reporter-output>
          </reporter-output>
        </test-method> <!-- tearDown -->
        <test-method status="PASS" signature="setup()[pri:0, instance:com.yantra.auto.yrms.scripts.RulesPage_Script@31ef45e3]" name="setup" is-config="true" duration-ms="3116" started-at="2018-05-11T12:46:59Z" finished-at="2018-05-11T12:47:03Z">
          <reporter-output>
          </reporter-output>
        </test-method> <!-- setup -->
        <test-method status="PASS" signature="testMasterHolderNameRule()[pri:0, instance:com.yantra.auto.yrms.scripts.RulesPage_Script@31ef45e3]" name="testMasterHolderNameRule" duration-ms="10278" started-at="2018-05-11T12:47:03Z" finished-at="2018-05-11T12:47:13Z">
          <reporter-output>
          </reporter-output>
        </test-method> <!-- testMasterHolderNameRule -->
        <test-method status="PASS" signature="tearDown()[pri:0, instance:com.yantra.auto.yrms.scripts.RulesPage_Script@31ef45e3]" name="tearDown" is-config="true" duration-ms="293" started-at="2018-05-11T12:47:13Z" finished-at="2018-05-11T12:47:13Z">
          <reporter-output>
          </reporter-output>
        </test-method> <!-- tearDown -->
        <test-method status="PASS" signature="setup()[pri:0, instance:com.yantra.auto.yrms.scripts.RulesPage_Script@31ef45e3]" name="setup" is-config="true" duration-ms="3134" started-at="2018-05-11T12:47:13Z" finished-at="2018-05-11T12:47:16Z">
          <reporter-output>
          </reporter-output>
        </test-method> <!-- setup -->
        <test-method status="PASS" signature="testSecondaryHolderNameRule()[pri:0, instance:com.yantra.auto.yrms.scripts.RulesPage_Script@31ef45e3]" name="testSecondaryHolderNameRule" duration-ms="10127" started-at="2018-05-11T12:47:16Z" finished-at="2018-05-11T12:47:26Z">
          <reporter-output>
          </reporter-output>
        </test-method> <!-- testSecondaryHolderNameRule -->
        <test-method status="PASS" signature="tearDown()[pri:0, instance:com.yantra.auto.yrms.scripts.RulesPage_Script@31ef45e3]" name="tearDown" is-config="true" duration-ms="418" started-at="2018-05-11T12:47:26Z" finished-at="2018-05-11T12:47:27Z">
          <reporter-output>
          </reporter-output>
        </test-method> <!-- tearDown -->
        <test-method status="PASS" signature="setup()[pri:0, instance:com.yantra.auto.yrms.scripts.RulesPage_Script@31ef45e3]" name="setup" is-config="true" duration-ms="3481" started-at="2018-05-11T12:47:27Z" finished-at="2018-05-11T12:47:30Z">
          <reporter-output>
          </reporter-output>
        </test-method> <!-- setup -->
        <test-method status="PASS" signature="testMasterHolderIDRule()[pri:0, instance:com.yantra.auto.yrms.scripts.RulesPage_Script@31ef45e3]" name="testMasterHolderIDRule" duration-ms="10215" started-at="2018-05-11T12:47:30Z" finished-at="2018-05-11T12:47:41Z">
          <reporter-output>
          </reporter-output>
        </test-method> <!-- testMasterHolderIDRule -->
        <test-method status="PASS" signature="tearDown()[pri:0, instance:com.yantra.auto.yrms.scripts.RulesPage_Script@31ef45e3]" name="tearDown" is-config="true" duration-ms="350" started-at="2018-05-11T12:47:41Z" finished-at="2018-05-11T12:47:41Z">
          <reporter-output>
          </reporter-output>
        </test-method> <!-- tearDown -->
        <test-method status="PASS" signature="setup()[pri:0, instance:com.yantra.auto.yrms.scripts.RulesPage_Script@31ef45e3]" name="setup" is-config="true" duration-ms="3203" started-at="2018-05-11T12:47:41Z" finished-at="2018-05-11T12:47:44Z">
          <reporter-output>
          </reporter-output>
        </test-method> <!-- setup -->
        <test-method status="PASS" signature="testSecondaryHolderIDRule()[pri:0, instance:com.yantra.auto.yrms.scripts.RulesPage_Script@31ef45e3]" name="testSecondaryHolderIDRule" duration-ms="8960" started-at="2018-05-11T12:47:44Z" finished-at="2018-05-11T12:47:53Z">
          <reporter-output>
          </reporter-output>
        </test-method> <!-- testSecondaryHolderIDRule -->
        <test-method status="PASS" signature="tearDown()[pri:0, instance:com.yantra.auto.yrms.scripts.RulesPage_Script@31ef45e3]" name="tearDown" is-config="true" duration-ms="316" started-at="2018-05-11T12:47:53Z" finished-at="2018-05-11T12:47:53Z">
          <reporter-output>
          </reporter-output>
        </test-method> <!-- tearDown -->
        <test-method status="PASS" signature="setup()[pri:0, instance:com.yantra.auto.yrms.scripts.RulesPage_Script@31ef45e3]" name="setup" is-config="true" duration-ms="3001" started-at="2018-05-11T12:47:53Z" finished-at="2018-05-11T12:47:56Z">
          <reporter-output>
          </reporter-output>
        </test-method> <!-- setup -->
        <test-method status="PASS" signature="testMasterDOBRule()[pri:0, instance:com.yantra.auto.yrms.scripts.RulesPage_Script@31ef45e3]" name="testMasterDOBRule" duration-ms="10110" started-at="2018-05-11T12:47:56Z" finished-at="2018-05-11T12:48:06Z">
          <reporter-output>
          </reporter-output>
        </test-method> <!-- testMasterDOBRule -->
        <test-method status="PASS" signature="tearDown()[pri:0, instance:com.yantra.auto.yrms.scripts.RulesPage_Script@31ef45e3]" name="tearDown" is-config="true" duration-ms="355" started-at="2018-05-11T12:48:06Z" finished-at="2018-05-11T12:48:07Z">
          <reporter-output>
          </reporter-output>
        </test-method> <!-- tearDown -->
        <test-method status="PASS" signature="setup()[pri:0, instance:com.yantra.auto.yrms.scripts.RulesPage_Script@31ef45e3]" name="setup" is-config="true" duration-ms="3141" started-at="2018-05-11T12:48:07Z" finished-at="2018-05-11T12:48:10Z">
          <reporter-output>
          </reporter-output>
        </test-method> <!-- setup -->
        <test-method status="PASS" signature="testMasterDOERule()[pri:0, instance:com.yantra.auto.yrms.scripts.RulesPage_Script@31ef45e3]" name="testMasterDOERule" duration-ms="9600" started-at="2018-05-11T12:48:10Z" finished-at="2018-05-11T12:48:20Z">
          <reporter-output>
          </reporter-output>
        </test-method> <!-- testMasterDOERule -->
        <test-method status="PASS" signature="tearDown()[pri:0, instance:com.yantra.auto.yrms.scripts.RulesPage_Script@31ef45e3]" name="tearDown" is-config="true" duration-ms="276" started-at="2018-05-11T12:48:20Z" finished-at="2018-05-11T12:48:20Z">
          <reporter-output>
          </reporter-output>
        </test-method> <!-- tearDown -->
        <test-method status="PASS" signature="setup()[pri:0, instance:com.yantra.auto.yrms.scripts.RulesPage_Script@31ef45e3]" name="setup" is-config="true" duration-ms="3015" started-at="2018-05-11T12:48:20Z" finished-at="2018-05-11T12:48:23Z">
          <reporter-output>
          </reporter-output>
        </test-method> <!-- setup -->
        <test-method status="PASS" signature="testSecondaryDOBRule()[pri:0, instance:com.yantra.auto.yrms.scripts.RulesPage_Script@31ef45e3]" name="testSecondaryDOBRule" duration-ms="9381" started-at="2018-05-11T12:48:23Z" finished-at="2018-05-11T12:48:32Z">
          <reporter-output>
          </reporter-output>
        </test-method> <!-- testSecondaryDOBRule -->
        <test-method status="PASS" signature="tearDown()[pri:0, instance:com.yantra.auto.yrms.scripts.RulesPage_Script@31ef45e3]" name="tearDown" is-config="true" duration-ms="331" started-at="2018-05-11T12:48:32Z" finished-at="2018-05-11T12:48:33Z">
          <reporter-output>
          </reporter-output>
        </test-method> <!-- tearDown -->
        <test-method status="PASS" signature="setup()[pri:0, instance:com.yantra.auto.yrms.scripts.RulesPage_Script@31ef45e3]" name="setup" is-config="true" duration-ms="2846" started-at="2018-05-11T12:48:33Z" finished-at="2018-05-11T12:48:35Z">
          <reporter-output>
          </reporter-output>
        </test-method> <!-- setup -->
        <test-method status="PASS" signature="testSecondaryDOERule()[pri:0, instance:com.yantra.auto.yrms.scripts.RulesPage_Script@31ef45e3]" name="testSecondaryDOERule" duration-ms="10066" started-at="2018-05-11T12:48:35Z" finished-at="2018-05-11T12:48:45Z">
          <reporter-output>
          </reporter-output>
        </test-method> <!-- testSecondaryDOERule -->
        <test-method status="PASS" signature="tearDown()[pri:0, instance:com.yantra.auto.yrms.scripts.RulesPage_Script@31ef45e3]" name="tearDown" is-config="true" duration-ms="328" started-at="2018-05-11T12:48:45Z" finished-at="2018-05-11T12:48:46Z">
          <reporter-output>
          </reporter-output>
        </test-method> <!-- tearDown -->
        <test-method status="PASS" signature="setup()[pri:0, instance:com.yantra.auto.yrms.scripts.RulesPage_Script@31ef45e3]" name="setup" is-config="true" duration-ms="2871" started-at="2018-05-11T12:48:46Z" finished-at="2018-05-11T12:48:49Z">
          <reporter-output>
          </reporter-output>
        </test-method> <!-- setup -->
        <test-method status="PASS" signature="testMFPIPRule()[pri:0, instance:com.yantra.auto.yrms.scripts.RulesPage_Script@31ef45e3]" name="testMFPIPRule" duration-ms="10764" started-at="2018-05-11T12:48:49Z" finished-at="2018-05-11T12:48:59Z">
          <reporter-output>
          </reporter-output>
        </test-method> <!-- testMFPIPRule -->
        <test-method status="PASS" signature="tearDown()[pri:0, instance:com.yantra.auto.yrms.scripts.RulesPage_Script@31ef45e3]" name="tearDown" is-config="true" duration-ms="314" started-at="2018-05-11T12:48:59Z" finished-at="2018-05-11T12:49:00Z">
          <reporter-output>
          </reporter-output>
        </test-method> <!-- tearDown -->
        <test-method status="PASS" signature="setup()[pri:0, instance:com.yantra.auto.yrms.scripts.RulesPage_Script@31ef45e3]" name="setup" is-config="true" duration-ms="2995" started-at="2018-05-11T12:49:00Z" finished-at="2018-05-11T12:49:03Z">
          <reporter-output>
          </reporter-output>
        </test-method> <!-- setup -->
        <test-method status="PASS" signature="testMFPMACRule()[pri:0, instance:com.yantra.auto.yrms.scripts.RulesPage_Script@31ef45e3]" name="testMFPMACRule" duration-ms="9664" started-at="2018-05-11T12:49:03Z" finished-at="2018-05-11T12:49:12Z">
          <reporter-output>
          </reporter-output>
        </test-method> <!-- testMFPMACRule -->
        <test-method status="PASS" signature="tearDown()[pri:0, instance:com.yantra.auto.yrms.scripts.RulesPage_Script@31ef45e3]" name="tearDown" is-config="true" duration-ms="280" started-at="2018-05-11T12:49:12Z" finished-at="2018-05-11T12:49:13Z">
          <reporter-output>
          </reporter-output>
        </test-method> <!-- tearDown -->
        <test-method status="PASS" signature="setup()[pri:0, instance:com.yantra.auto.yrms.scripts.RulesPage_Script@31ef45e3]" name="setup" is-config="true" duration-ms="2897" started-at="2018-05-11T12:49:13Z" finished-at="2018-05-11T12:49:16Z">
          <reporter-output>
          </reporter-output>
        </test-method> <!-- setup -->
        <test-method status="PASS" signature="testTransactionNumberRule()[pri:0, instance:com.yantra.auto.yrms.scripts.RulesPage_Script@31ef45e3]" name="testTransactionNumberRule" duration-ms="9982" started-at="2018-05-11T12:49:16Z" finished-at="2018-05-11T12:49:26Z">
          <reporter-output>
          </reporter-output>
        </test-method> <!-- testTransactionNumberRule -->
        <test-method status="PASS" signature="tearDown()[pri:0, instance:com.yantra.auto.yrms.scripts.RulesPage_Script@31ef45e3]" name="tearDown" is-config="true" duration-ms="339" started-at="2018-05-11T12:49:26Z" finished-at="2018-05-11T12:49:26Z">
          <reporter-output>
          </reporter-output>
        </test-method> <!-- tearDown -->
        <test-method status="PASS" signature="setup()[pri:0, instance:com.yantra.auto.yrms.scripts.RulesPage_Script@31ef45e3]" name="setup" is-config="true" duration-ms="2917" started-at="2018-05-11T12:49:26Z" finished-at="2018-05-11T12:49:29Z">
          <reporter-output>
          </reporter-output>
        </test-method> <!-- setup -->
        <test-method status="PASS" signature="testTransactionCodeRule()[pri:0, instance:com.yantra.auto.yrms.scripts.RulesPage_Script@31ef45e3]" name="testTransactionCodeRule" duration-ms="9669" started-at="2018-05-11T12:49:29Z" finished-at="2018-05-11T12:49:38Z">
          <reporter-output>
          </reporter-output>
        </test-method> <!-- testTransactionCodeRule -->
        <test-method status="PASS" signature="tearDown()[pri:0, instance:com.yantra.auto.yrms.scripts.RulesPage_Script@31ef45e3]" name="tearDown" is-config="true" duration-ms="294" started-at="2018-05-11T12:49:38Z" finished-at="2018-05-11T12:49:39Z">
          <reporter-output>
          </reporter-output>
        </test-method> <!-- tearDown -->
        <test-method status="PASS" signature="setup()[pri:0, instance:com.yantra.auto.yrms.scripts.RulesPage_Script@31ef45e3]" name="setup" is-config="true" duration-ms="2947" started-at="2018-05-11T12:49:39Z" finished-at="2018-05-11T12:49:42Z">
          <reporter-output>
          </reporter-output>
        </test-method> <!-- setup -->
        <test-method status="PASS" signature="testSettlementTypeRule()[pri:0, instance:com.yantra.auto.yrms.scripts.RulesPage_Script@31ef45e3]" name="testSettlementTypeRule" duration-ms="9106" started-at="2018-05-11T12:49:42Z" finished-at="2018-05-11T12:49:51Z">
          <reporter-output>
          </reporter-output>
        </test-method> <!-- testSettlementTypeRule -->
        <test-method status="PASS" signature="tearDown()[pri:0, instance:com.yantra.auto.yrms.scripts.RulesPage_Script@31ef45e3]" name="tearDown" is-config="true" duration-ms="341" started-at="2018-05-11T12:49:51Z" finished-at="2018-05-11T12:49:51Z">
          <reporter-output>
          </reporter-output>
        </test-method> <!-- tearDown -->
        <test-method status="PASS" signature="setup()[pri:0, instance:com.yantra.auto.yrms.scripts.RulesPage_Script@31ef45e3]" name="setup" is-config="true" duration-ms="2901" started-at="2018-05-11T12:49:51Z" finished-at="2018-05-11T12:49:54Z">
          <reporter-output>
          </reporter-output>
        </test-method> <!-- setup -->
        <test-method status="PASS" signature="testProcessingCodeRule()[pri:0, instance:com.yantra.auto.yrms.scripts.RulesPage_Script@31ef45e3]" name="testProcessingCodeRule" duration-ms="10503" started-at="2018-05-11T12:49:54Z" finished-at="2018-05-11T12:50:05Z">
          <reporter-output>
          </reporter-output>
        </test-method> <!-- testProcessingCodeRule -->
        <test-method status="PASS" signature="tearDown()[pri:0, instance:com.yantra.auto.yrms.scripts.RulesPage_Script@31ef45e3]" name="tearDown" is-config="true" duration-ms="332" started-at="2018-05-11T12:50:05Z" finished-at="2018-05-11T12:50:05Z">
          <reporter-output>
          </reporter-output>
        </test-method> <!-- tearDown -->
        <test-method status="PASS" signature="setup()[pri:0, instance:com.yantra.auto.yrms.scripts.RulesPage_Script@31ef45e3]" name="setup" is-config="true" duration-ms="3109" started-at="2018-05-11T12:50:05Z" finished-at="2018-05-11T12:50:08Z">
          <reporter-output>
          </reporter-output>
        </test-method> <!-- setup -->
        <test-method status="PASS" signature="testOriginCountryCodeRule()[pri:0, instance:com.yantra.auto.yrms.scripts.RulesPage_Script@31ef45e3]" name="testOriginCountryCodeRule" duration-ms="9420" started-at="2018-05-11T12:50:08Z" finished-at="2018-05-11T12:50:17Z">
          <reporter-output>
          </reporter-output>
        </test-method> <!-- testOriginCountryCodeRule -->
        <test-method status="PASS" signature="tearDown()[pri:0, instance:com.yantra.auto.yrms.scripts.RulesPage_Script@31ef45e3]" name="tearDown" is-config="true" duration-ms="263" started-at="2018-05-11T12:50:17Z" finished-at="2018-05-11T12:50:18Z">
          <reporter-output>
          </reporter-output>
        </test-method> <!-- tearDown -->
        <test-method status="PASS" signature="setup()[pri:0, instance:com.yantra.auto.yrms.scripts.RulesPage_Script@31ef45e3]" name="setup" is-config="true" duration-ms="3121" started-at="2018-05-11T12:50:18Z" finished-at="2018-05-11T12:50:21Z">
          <reporter-output>
          </reporter-output>
        </test-method> <!-- setup -->
        <test-method status="PASS" signature="testReceivingCountryCodeRule()[pri:0, instance:com.yantra.auto.yrms.scripts.RulesPage_Script@31ef45e3]" name="testReceivingCountryCodeRule" duration-ms="10626" started-at="2018-05-11T12:50:21Z" finished-at="2018-05-11T12:50:31Z">
          <reporter-output>
          </reporter-output>
        </test-method> <!-- testReceivingCountryCodeRule -->
        <test-method status="PASS" signature="tearDown()[pri:0, instance:com.yantra.auto.yrms.scripts.RulesPage_Script@31ef45e3]" name="tearDown" is-config="true" duration-ms="348" started-at="2018-05-11T12:50:31Z" finished-at="2018-05-11T12:50:32Z">
          <reporter-output>
          </reporter-output>
        </test-method> <!-- tearDown -->
        <test-method status="PASS" signature="setup()[pri:0, instance:com.yantra.auto.yrms.scripts.RulesPage_Script@31ef45e3]" name="setup" is-config="true" duration-ms="3247" started-at="2018-05-11T12:50:32Z" finished-at="2018-05-11T12:50:35Z">
          <reporter-output>
          </reporter-output>
        </test-method> <!-- setup -->
        <test-method status="PASS" signature="testMasterHolderCityRule()[pri:0, instance:com.yantra.auto.yrms.scripts.RulesPage_Script@31ef45e3]" name="testMasterHolderCityRule" duration-ms="9795" started-at="2018-05-11T12:50:35Z" finished-at="2018-05-11T12:50:45Z">
          <reporter-output>
          </reporter-output>
        </test-method> <!-- testMasterHolderCityRule -->
        <test-method status="PASS" signature="tearDown()[pri:0, instance:com.yantra.auto.yrms.scripts.RulesPage_Script@31ef45e3]" name="tearDown" is-config="true" duration-ms="253" started-at="2018-05-11T12:50:45Z" finished-at="2018-05-11T12:50:45Z">
          <reporter-output>
          </reporter-output>
        </test-method> <!-- tearDown -->
        <test-method status="PASS" signature="setup()[pri:0, instance:com.yantra.auto.yrms.scripts.RulesPage_Script@31ef45e3]" name="setup" is-config="true" duration-ms="3091" started-at="2018-05-11T12:50:45Z" finished-at="2018-05-11T12:50:48Z">
          <reporter-output>
          </reporter-output>
        </test-method> <!-- setup -->
        <test-method status="PASS" signature="testMasterHolderStateRule()[pri:0, instance:com.yantra.auto.yrms.scripts.RulesPage_Script@31ef45e3]" name="testMasterHolderStateRule" duration-ms="10037" started-at="2018-05-11T12:50:48Z" finished-at="2018-05-11T12:50:58Z">
          <reporter-output>
          </reporter-output>
        </test-method> <!-- testMasterHolderStateRule -->
        <test-method status="PASS" signature="tearDown()[pri:0, instance:com.yantra.auto.yrms.scripts.RulesPage_Script@31ef45e3]" name="tearDown" is-config="true" duration-ms="390" started-at="2018-05-11T12:50:58Z" finished-at="2018-05-11T12:50:59Z">
          <reporter-output>
          </reporter-output>
        </test-method> <!-- tearDown -->
        <test-method status="PASS" signature="setup()[pri:0, instance:com.yantra.auto.yrms.scripts.RulesPage_Script@31ef45e3]" name="setup" is-config="true" duration-ms="3064" started-at="2018-05-11T12:50:59Z" finished-at="2018-05-11T12:51:02Z">
          <reporter-output>
          </reporter-output>
        </test-method> <!-- setup -->
        <test-method status="PASS" signature="testMasterHolderZipCodeRule()[pri:0, instance:com.yantra.auto.yrms.scripts.RulesPage_Script@31ef45e3]" name="testMasterHolderZipCodeRule" duration-ms="10030" started-at="2018-05-11T12:51:02Z" finished-at="2018-05-11T12:51:12Z">
          <reporter-output>
          </reporter-output>
        </test-method> <!-- testMasterHolderZipCodeRule -->
        <test-method status="PASS" signature="tearDown()[pri:0, instance:com.yantra.auto.yrms.scripts.RulesPage_Script@31ef45e3]" name="tearDown" is-config="true" duration-ms="289" started-at="2018-05-11T12:51:12Z" finished-at="2018-05-11T12:51:12Z">
          <reporter-output>
          </reporter-output>
        </test-method> <!-- tearDown -->
        <test-method status="PASS" signature="setup()[pri:0, instance:com.yantra.auto.yrms.scripts.RulesPage_Script@31ef45e3]" name="setup" is-config="true" duration-ms="2877" started-at="2018-05-11T12:51:12Z" finished-at="2018-05-11T12:51:15Z">
          <reporter-output>
          </reporter-output>
        </test-method> <!-- setup -->
        <test-method status="PASS" signature="testMasterHolderCountryCodeRule()[pri:0, instance:com.yantra.auto.yrms.scripts.RulesPage_Script@31ef45e3]" name="testMasterHolderCountryCodeRule" duration-ms="10028" started-at="2018-05-11T12:51:15Z" finished-at="2018-05-11T12:51:25Z">
          <reporter-output>
          </reporter-output>
        </test-method> <!-- testMasterHolderCountryCodeRule -->
        <test-method status="PASS" signature="tearDown()[pri:0, instance:com.yantra.auto.yrms.scripts.RulesPage_Script@31ef45e3]" name="tearDown" is-config="true" duration-ms="317" started-at="2018-05-11T12:51:25Z" finished-at="2018-05-11T12:51:25Z">
          <reporter-output>
          </reporter-output>
        </test-method> <!-- tearDown -->
        <test-method status="PASS" signature="setup()[pri:0, instance:com.yantra.auto.yrms.scripts.RulesPage_Script@31ef45e3]" name="setup" is-config="true" duration-ms="2873" started-at="2018-05-11T12:51:25Z" finished-at="2018-05-11T12:51:28Z">
          <reporter-output>
          </reporter-output>
        </test-method> <!-- setup -->
        <test-method status="PASS" signature="testSecondaryHolderCityRule()[pri:0, instance:com.yantra.auto.yrms.scripts.RulesPage_Script@31ef45e3]" name="testSecondaryHolderCityRule" duration-ms="8788" started-at="2018-05-11T12:51:28Z" finished-at="2018-05-11T12:51:37Z">
          <reporter-output>
          </reporter-output>
        </test-method> <!-- testSecondaryHolderCityRule -->
        <test-method status="PASS" signature="tearDown()[pri:0, instance:com.yantra.auto.yrms.scripts.RulesPage_Script@31ef45e3]" name="tearDown" is-config="true" duration-ms="350" started-at="2018-05-11T12:51:37Z" finished-at="2018-05-11T12:51:37Z">
          <reporter-output>
          </reporter-output>
        </test-method> <!-- tearDown -->
        <test-method status="PASS" signature="setup()[pri:0, instance:com.yantra.auto.yrms.scripts.RulesPage_Script@31ef45e3]" name="setup" is-config="true" duration-ms="2897" started-at="2018-05-11T12:51:37Z" finished-at="2018-05-11T12:51:40Z">
          <reporter-output>
          </reporter-output>
        </test-method> <!-- setup -->
        <test-method status="PASS" signature="testSecondaryHolderStateRule()[pri:0, instance:com.yantra.auto.yrms.scripts.RulesPage_Script@31ef45e3]" name="testSecondaryHolderStateRule" duration-ms="10128" started-at="2018-05-11T12:51:40Z" finished-at="2018-05-11T12:51:50Z">
          <reporter-output>
          </reporter-output>
        </test-method> <!-- testSecondaryHolderStateRule -->
        <test-method status="PASS" signature="tearDown()[pri:0, instance:com.yantra.auto.yrms.scripts.RulesPage_Script@31ef45e3]" name="tearDown" is-config="true" duration-ms="296" started-at="2018-05-11T12:51:50Z" finished-at="2018-05-11T12:51:51Z">
          <reporter-output>
          </reporter-output>
        </test-method> <!-- tearDown -->
        <test-method status="PASS" signature="setup()[pri:0, instance:com.yantra.auto.yrms.scripts.RulesPage_Script@31ef45e3]" name="setup" is-config="true" duration-ms="2918" started-at="2018-05-11T12:51:51Z" finished-at="2018-05-11T12:51:53Z">
          <reporter-output>
          </reporter-output>
        </test-method> <!-- setup -->
        <test-method status="PASS" signature="testSecondaryHolderZipCodeRule()[pri:0, instance:com.yantra.auto.yrms.scripts.RulesPage_Script@31ef45e3]" name="testSecondaryHolderZipCodeRule" duration-ms="10683" started-at="2018-05-11T12:51:53Z" finished-at="2018-05-11T12:52:04Z">
          <reporter-output>
          </reporter-output>
        </test-method> <!-- testSecondaryHolderZipCodeRule -->
        <test-method status="PASS" signature="tearDown()[pri:0, instance:com.yantra.auto.yrms.scripts.RulesPage_Script@31ef45e3]" name="tearDown" is-config="true" duration-ms="573" started-at="2018-05-11T12:52:04Z" finished-at="2018-05-11T12:52:05Z">
          <reporter-output>
          </reporter-output>
        </test-method> <!-- tearDown -->
        <test-method status="PASS" signature="setup()[pri:0, instance:com.yantra.auto.yrms.scripts.RulesPage_Script@31ef45e3]" name="setup" is-config="true" duration-ms="3193" started-at="2018-05-11T12:52:05Z" finished-at="2018-05-11T12:52:08Z">
          <reporter-output>
          </reporter-output>
        </test-method> <!-- setup -->
        <test-method status="PASS" signature="testSecondaryHolderCountryCodeRule()[pri:0, instance:com.yantra.auto.yrms.scripts.RulesPage_Script@31ef45e3]" name="testSecondaryHolderCountryCodeRule" duration-ms="9121" started-at="2018-05-11T12:52:08Z" finished-at="2018-05-11T12:52:17Z">
          <reporter-output>
          </reporter-output>
        </test-method> <!-- testSecondaryHolderCountryCodeRule -->
        <test-method status="PASS" signature="tearDown()[pri:0, instance:com.yantra.auto.yrms.scripts.RulesPage_Script@31ef45e3]" name="tearDown" is-config="true" duration-ms="276" started-at="2018-05-11T12:52:17Z" finished-at="2018-05-11T12:52:17Z">
          <reporter-output>
          </reporter-output>
        </test-method> <!-- tearDown -->
        <test-method status="PASS" signature="setup()[pri:0, instance:com.yantra.auto.yrms.scripts.RulesPage_Script@31ef45e3]" name="setup" is-config="true" duration-ms="3207" started-at="2018-05-11T12:52:17Z" finished-at="2018-05-11T12:52:21Z">
          <reporter-output>
          </reporter-output>
        </test-method> <!-- setup -->
        <test-method status="PASS" signature="testMasterAccountNumberRule()[pri:0, instance:com.yantra.auto.yrms.scripts.RulesPage_Script@31ef45e3]" name="testMasterAccountNumberRule" duration-ms="10305" started-at="2018-05-11T12:52:21Z" finished-at="2018-05-11T12:52:31Z">
          <reporter-output>
          </reporter-output>
        </test-method> <!-- testMasterAccountNumberRule -->
        <test-method status="PASS" signature="tearDown()[pri:0, instance:com.yantra.auto.yrms.scripts.RulesPage_Script@31ef45e3]" name="tearDown" is-config="true" duration-ms="350" started-at="2018-05-11T12:52:31Z" finished-at="2018-05-11T12:52:31Z">
          <reporter-output>
          </reporter-output>
        </test-method> <!-- tearDown -->
        <test-method status="PASS" signature="setup()[pri:0, instance:com.yantra.auto.yrms.scripts.RulesPage_Script@31ef45e3]" name="setup" is-config="true" duration-ms="2873" started-at="2018-05-11T12:52:31Z" finished-at="2018-05-11T12:52:34Z">
          <reporter-output>
          </reporter-output>
        </test-method> <!-- setup -->
        <test-method status="PASS" signature="testMasterAccountTypeRule()[pri:0, instance:com.yantra.auto.yrms.scripts.RulesPage_Script@31ef45e3]" name="testMasterAccountTypeRule" duration-ms="9052" started-at="2018-05-11T12:52:34Z" finished-at="2018-05-11T12:52:43Z">
          <reporter-output>
          </reporter-output>
        </test-method> <!-- testMasterAccountTypeRule -->
        <test-method status="PASS" signature="tearDown()[pri:0, instance:com.yantra.auto.yrms.scripts.RulesPage_Script@31ef45e3]" name="tearDown" is-config="true" duration-ms="374" started-at="2018-05-11T12:52:43Z" finished-at="2018-05-11T12:52:43Z">
          <reporter-output>
          </reporter-output>
        </test-method> <!-- tearDown -->
        <test-method status="PASS" signature="setup()[pri:0, instance:com.yantra.auto.yrms.scripts.RulesPage_Script@31ef45e3]" name="setup" is-config="true" duration-ms="3008" started-at="2018-05-11T12:52:43Z" finished-at="2018-05-11T12:52:46Z">
          <reporter-output>
          </reporter-output>
        </test-method> <!-- setup -->
        <test-method status="PASS" signature="testMasterAccountStatusRule()[pri:0, instance:com.yantra.auto.yrms.scripts.RulesPage_Script@31ef45e3]" name="testMasterAccountStatusRule" duration-ms="9496" started-at="2018-05-11T12:52:46Z" finished-at="2018-05-11T12:52:56Z">
          <reporter-output>
          </reporter-output>
        </test-method> <!-- testMasterAccountStatusRule -->
        <test-method status="PASS" signature="tearDown()[pri:0, instance:com.yantra.auto.yrms.scripts.RulesPage_Script@31ef45e3]" name="tearDown" is-config="true" duration-ms="271" started-at="2018-05-11T12:52:56Z" finished-at="2018-05-11T12:52:56Z">
          <reporter-output>
          </reporter-output>
        </test-method> <!-- tearDown -->
        <test-method status="PASS" signature="setup()[pri:0, instance:com.yantra.auto.yrms.scripts.RulesPage_Script@31ef45e3]" name="setup" is-config="true" duration-ms="2900" started-at="2018-05-11T12:52:56Z" finished-at="2018-05-11T12:52:59Z">
          <reporter-output>
          </reporter-output>
        </test-method> <!-- setup -->
        <test-method status="PASS" signature="testMasterCurrencyCodeRule()[pri:0, instance:com.yantra.auto.yrms.scripts.RulesPage_Script@31ef45e3]" name="testMasterCurrencyCodeRule" duration-ms="9766" started-at="2018-05-11T12:52:59Z" finished-at="2018-05-11T12:53:09Z">
          <reporter-output>
          </reporter-output>
        </test-method> <!-- testMasterCurrencyCodeRule -->
        <test-method status="PASS" signature="tearDown()[pri:0, instance:com.yantra.auto.yrms.scripts.RulesPage_Script@31ef45e3]" name="tearDown" is-config="true" duration-ms="315" started-at="2018-05-11T12:53:09Z" finished-at="2018-05-11T12:53:09Z">
          <reporter-output>
          </reporter-output>
        </test-method> <!-- tearDown -->
        <test-method status="PASS" signature="setup()[pri:0, instance:com.yantra.auto.yrms.scripts.RulesPage_Script@31ef45e3]" name="setup" is-config="true" duration-ms="3130" started-at="2018-05-11T12:53:09Z" finished-at="2018-05-11T12:53:12Z">
          <reporter-output>
          </reporter-output>
        </test-method> <!-- setup -->
        <test-method status="PASS" signature="testSecondaryAccountNumberRule()[pri:0, instance:com.yantra.auto.yrms.scripts.RulesPage_Script@31ef45e3]" name="testSecondaryAccountNumberRule" duration-ms="8654" started-at="2018-05-11T12:53:12Z" finished-at="2018-05-11T12:53:21Z">
          <reporter-output>
          </reporter-output>
        </test-method> <!-- testSecondaryAccountNumberRule -->
        <test-method status="PASS" signature="tearDown()[pri:0, instance:com.yantra.auto.yrms.scripts.RulesPage_Script@31ef45e3]" name="tearDown" is-config="true" duration-ms="269" started-at="2018-05-11T12:53:21Z" finished-at="2018-05-11T12:53:21Z">
          <reporter-output>
          </reporter-output>
        </test-method> <!-- tearDown -->
        <test-method status="PASS" signature="setup()[pri:0, instance:com.yantra.auto.yrms.scripts.RulesPage_Script@31ef45e3]" name="setup" is-config="true" duration-ms="3226" started-at="2018-05-11T12:53:21Z" finished-at="2018-05-11T12:53:25Z">
          <reporter-output>
          </reporter-output>
        </test-method> <!-- setup -->
        <test-method status="PASS" signature="testSecondaryAccountTypeRule()[pri:0, instance:com.yantra.auto.yrms.scripts.RulesPage_Script@31ef45e3]" name="testSecondaryAccountTypeRule" duration-ms="9934" started-at="2018-05-11T12:53:25Z" finished-at="2018-05-11T12:53:34Z">
          <reporter-output>
          </reporter-output>
        </test-method> <!-- testSecondaryAccountTypeRule -->
        <test-method status="PASS" signature="tearDown()[pri:0, instance:com.yantra.auto.yrms.scripts.RulesPage_Script@31ef45e3]" name="tearDown" is-config="true" duration-ms="333" started-at="2018-05-11T12:53:34Z" finished-at="2018-05-11T12:53:35Z">
          <reporter-output>
          </reporter-output>
        </test-method> <!-- tearDown -->
        <test-method status="PASS" signature="setup()[pri:0, instance:com.yantra.auto.yrms.scripts.RulesPage_Script@31ef45e3]" name="setup" is-config="true" duration-ms="3233" started-at="2018-05-11T12:53:35Z" finished-at="2018-05-11T12:53:38Z">
          <reporter-output>
          </reporter-output>
        </test-method> <!-- setup -->
        <test-method status="PASS" signature="testSecondaryAccountStatusRule()[pri:0, instance:com.yantra.auto.yrms.scripts.RulesPage_Script@31ef45e3]" name="testSecondaryAccountStatusRule" duration-ms="9440" started-at="2018-05-11T12:53:38Z" finished-at="2018-05-11T12:53:47Z">
          <reporter-output>
          </reporter-output>
        </test-method> <!-- testSecondaryAccountStatusRule -->
        <test-method status="PASS" signature="tearDown()[pri:0, instance:com.yantra.auto.yrms.scripts.RulesPage_Script@31ef45e3]" name="tearDown" is-config="true" duration-ms="319" started-at="2018-05-11T12:53:47Z" finished-at="2018-05-11T12:53:48Z">
          <reporter-output>
          </reporter-output>
        </test-method> <!-- tearDown -->
        <test-method status="PASS" signature="setup()[pri:0, instance:com.yantra.auto.yrms.scripts.RulesPage_Script@31ef45e3]" name="setup" is-config="true" duration-ms="2915" started-at="2018-05-11T12:53:48Z" finished-at="2018-05-11T12:53:51Z">
          <reporter-output>
          </reporter-output>
        </test-method> <!-- setup -->
        <test-method status="PASS" signature="testSecondaryAccountCurrencyCodeRule()[pri:0, instance:com.yantra.auto.yrms.scripts.RulesPage_Script@31ef45e3]" name="testSecondaryAccountCurrencyCodeRule" duration-ms="9922" started-at="2018-05-11T12:53:51Z" finished-at="2018-05-11T12:54:01Z">
          <reporter-output>
          </reporter-output>
        </test-method> <!-- testSecondaryAccountCurrencyCodeRule -->
        <test-method status="PASS" signature="tearDown()[pri:0, instance:com.yantra.auto.yrms.scripts.RulesPage_Script@31ef45e3]" name="tearDown" is-config="true" duration-ms="317" started-at="2018-05-11T12:54:01Z" finished-at="2018-05-11T12:54:01Z">
          <reporter-output>
          </reporter-output>
        </test-method> <!-- tearDown -->
        <test-method status="PASS" signature="setup()[pri:0, instance:com.yantra.auto.yrms.scripts.RulesPage_Script@31ef45e3]" name="setup" is-config="true" duration-ms="3796" started-at="2018-05-11T12:54:01Z" finished-at="2018-05-11T12:54:05Z">
          <reporter-output>
          </reporter-output>
        </test-method> <!-- setup -->
        <test-method status="FAIL" signature="testMasterAccountRunningBalanceRule()[pri:0, instance:com.yantra.auto.yrms.scripts.RulesPage_Script@31ef45e3]" name="testMasterAccountRunningBalanceRule" duration-ms="9212" started-at="2018-05-11T12:54:05Z" finished-at="2018-05-11T12:54:14Z">
          <exception class="java.lang.AssertionError">
            <message>
              <![CDATA[expected [207] but found [0]]]>
            </message>
            <full-stacktrace>
              <![CDATA[java.lang.AssertionError: expected [207] but found [0]
	at org.testng.Assert.fail(Assert.java:94)
	at org.testng.Assert.failNotEquals(Assert.java:494)
	at org.testng.Assert.assertEquals(Assert.java:123)
	at org.testng.Assert.assertEquals(Assert.java:176)
	at org.testng.Assert.assertEquals(Assert.java:186)
	at com.yantra.auto.yrms.ui.pages.TransactionDocument.navigateToTransactionRiskReportPage(TransactionDocument.java:113)
	at com.yantra.auto.yrms.scripts.RulesPage_Script.testMasterAccountRunningBalanceRule(RulesPage_Script.java:633)
	at sun.reflect.NativeMethodAccessorImpl.invoke0(Native Method)
	at sun.reflect.NativeMethodAccessorImpl.invoke(NativeMethodAccessorImpl.java:62)
	at sun.reflect.DelegatingMethodAccessorImpl.invoke(DelegatingMethodAccessorImpl.java:43)
	at java.lang.reflect.Method.invoke(Method.java:498)
	at org.testng.internal.MethodInvocationHelper.invokeMethod(MethodInvocationHelper.java:80)
	at org.testng.internal.Invoker.invokeMethod(Invoker.java:714)
	at org.testng.internal.Invoker.invokeTestMethod(Invoker.java:901)
	at org.testng.internal.Invoker.invokeTestMethods(Invoker.java:1231)
	at org.testng.internal.TestMethodWorker.invokeTestMethods(TestMethodWorker.java:127)
	at org.testng.internal.TestMethodWorker.run(TestMethodWorker.java:111)
	at org.testng.TestRunner.privateRun(TestRunner.java:767)
	at org.testng.TestRunner.run(TestRunner.java:617)
	at org.testng.SuiteRunner.runTest(SuiteRunner.java:334)
	at org.testng.SuiteRunner.runSequentially(SuiteRunner.java:329)
	at org.testng.SuiteRunner.privateRun(SuiteRunner.java:291)
	at org.testng.SuiteRunner.run(SuiteRunner.java:240)
	at org.testng.SuiteRunnerWorker.runSuite(SuiteRunnerWorker.java:52)
	at org.testng.SuiteRunnerWorker.run(SuiteRunnerWorker.java:86)
	at org.testng.TestNG.runSuitesSequentially(TestNG.java:1198)
	at org.testng.TestNG.runSuitesLocally(TestNG.java:1123)
	at org.testng.TestNG.run(TestNG.java:1031)
	at org.testng.remote.AbstractRemoteTestNG.run(AbstractRemoteTestNG.java:114)
	at org.testng.remote.RemoteTestNG.initAndRun(RemoteTestNG.java:251)
	at org.testng.remote.RemoteTestNG.main(RemoteTestNG.java:77)
]]>
            </full-stacktrace>
          </exception> <!-- java.lang.AssertionError -->
          <reporter-output>
            <line>
              <![CDATA[<a href='html/TRANSACTIONRISKASSERTFAILED.png'><img src='html/TRANSACTIONRISKASSERTFAILED.png' height='400' width='800'/></a> <br />]]>
            </line>
          </reporter-output>
        </test-method> <!-- testMasterAccountRunningBalanceRule -->
        <test-method status="PASS" signature="tearDown()[pri:0, instance:com.yantra.auto.yrms.scripts.RulesPage_Script@31ef45e3]" name="tearDown" is-config="true" duration-ms="349" started-at="2018-05-11T12:54:14Z" finished-at="2018-05-11T12:54:14Z">
          <reporter-output>
          </reporter-output>
        </test-method> <!-- tearDown -->
        <test-method status="PASS" signature="setup()[pri:0, instance:com.yantra.auto.yrms.scripts.RulesPage_Script@31ef45e3]" name="setup" is-config="true" duration-ms="3236" started-at="2018-05-11T12:54:14Z" finished-at="2018-05-11T12:54:18Z">
          <reporter-output>
          </reporter-output>
        </test-method> <!-- setup -->
        <test-method status="FAIL" signature="testMasterAccountTrialBalanceRule()[pri:0, instance:com.yantra.auto.yrms.scripts.RulesPage_Script@31ef45e3]" name="testMasterAccountTrialBalanceRule" duration-ms="9243" started-at="2018-05-11T12:54:18Z" finished-at="2018-05-11T12:54:27Z">
          <exception class="java.lang.AssertionError">
            <message>
              <![CDATA[expected [208] but found [0]]]>
            </message>
            <full-stacktrace>
              <![CDATA[java.lang.AssertionError: expected [208] but found [0]
	at org.testng.Assert.fail(Assert.java:94)
	at org.testng.Assert.failNotEquals(Assert.java:494)
	at org.testng.Assert.assertEquals(Assert.java:123)
	at org.testng.Assert.assertEquals(Assert.java:176)
	at org.testng.Assert.assertEquals(Assert.java:186)
	at com.yantra.auto.yrms.ui.pages.TransactionDocument.navigateToTransactionRiskReportPage(TransactionDocument.java:113)
	at com.yantra.auto.yrms.scripts.RulesPage_Script.testMasterAccountTrialBalanceRule(RulesPage_Script.java:651)
	at sun.reflect.NativeMethodAccessorImpl.invoke0(Native Method)
	at sun.reflect.NativeMethodAccessorImpl.invoke(NativeMethodAccessorImpl.java:62)
	at sun.reflect.DelegatingMethodAccessorImpl.invoke(DelegatingMethodAccessorImpl.java:43)
	at java.lang.reflect.Method.invoke(Method.java:498)
	at org.testng.internal.MethodInvocationHelper.invokeMethod(MethodInvocationHelper.java:80)
	at org.testng.internal.Invoker.invokeMethod(Invoker.java:714)
	at org.testng.internal.Invoker.invokeTestMethod(Invoker.java:901)
	at org.testng.internal.Invoker.invokeTestMethods(Invoker.java:1231)
	at org.testng.internal.TestMethodWorker.invokeTestMethods(TestMethodWorker.java:127)
	at org.testng.internal.TestMethodWorker.run(TestMethodWorker.java:111)
	at org.testng.TestRunner.privateRun(TestRunner.java:767)
	at org.testng.TestRunner.run(TestRunner.java:617)
	at org.testng.SuiteRunner.runTest(SuiteRunner.java:334)
	at org.testng.SuiteRunner.runSequentially(SuiteRunner.java:329)
	at org.testng.SuiteRunner.privateRun(SuiteRunner.java:291)
	at org.testng.SuiteRunner.run(SuiteRunner.java:240)
	at org.testng.SuiteRunnerWorker.runSuite(SuiteRunnerWorker.java:52)
	at org.testng.SuiteRunnerWorker.run(SuiteRunnerWorker.java:86)
	at org.testng.TestNG.runSuitesSequentially(TestNG.java:1198)
	at org.testng.TestNG.runSuitesLocally(TestNG.java:1123)
	at org.testng.TestNG.run(TestNG.java:1031)
	at org.testng.remote.AbstractRemoteTestNG.run(AbstractRemoteTestNG.java:114)
	at org.testng.remote.RemoteTestNG.initAndRun(RemoteTestNG.java:251)
	at org.testng.remote.RemoteTestNG.main(RemoteTestNG.java:77)
]]>
            </full-stacktrace>
          </exception> <!-- java.lang.AssertionError -->
          <reporter-output>
            <line>
              <![CDATA[<a href='html/TRANSACTIONRISKASSERTFAILED.png'><img src='html/TRANSACTIONRISKASSERTFAILED.png' height='400' width='800'/></a> <br />]]>
            </line>
          </reporter-output>
        </test-method> <!-- testMasterAccountTrialBalanceRule -->
        <test-method status="PASS" signature="tearDown()[pri:0, instance:com.yantra.auto.yrms.scripts.RulesPage_Script@31ef45e3]" name="tearDown" is-config="true" duration-ms="276" started-at="2018-05-11T12:54:27Z" finished-at="2018-05-11T12:54:27Z">
          <reporter-output>
          </reporter-output>
        </test-method> <!-- tearDown -->
        <test-method status="PASS" signature="setup()[pri:0, instance:com.yantra.auto.yrms.scripts.RulesPage_Script@31ef45e3]" name="setup" is-config="true" duration-ms="3231" started-at="2018-05-11T12:54:27Z" finished-at="2018-05-11T12:54:30Z">
          <reporter-output>
          </reporter-output>
        </test-method> <!-- setup -->
        <test-method status="FAIL" signature="testMasterAccountHoldBalanceRule()[pri:0, instance:com.yantra.auto.yrms.scripts.RulesPage_Script@31ef45e3]" name="testMasterAccountHoldBalanceRule" duration-ms="9195" started-at="2018-05-11T12:54:30Z" finished-at="2018-05-11T12:54:39Z">
          <exception class="java.lang.AssertionError">
            <message>
              <![CDATA[expected [209] but found [0]]]>
            </message>
            <full-stacktrace>
              <![CDATA[java.lang.AssertionError: expected [209] but found [0]
	at org.testng.Assert.fail(Assert.java:94)
	at org.testng.Assert.failNotEquals(Assert.java:494)
	at org.testng.Assert.assertEquals(Assert.java:123)
	at org.testng.Assert.assertEquals(Assert.java:176)
	at org.testng.Assert.assertEquals(Assert.java:186)
	at com.yantra.auto.yrms.ui.pages.TransactionDocument.navigateToTransactionRiskReportPage(TransactionDocument.java:113)
	at com.yantra.auto.yrms.scripts.RulesPage_Script.testMasterAccountHoldBalanceRule(RulesPage_Script.java:669)
	at sun.reflect.NativeMethodAccessorImpl.invoke0(Native Method)
	at sun.reflect.NativeMethodAccessorImpl.invoke(NativeMethodAccessorImpl.java:62)
	at sun.reflect.DelegatingMethodAccessorImpl.invoke(DelegatingMethodAccessorImpl.java:43)
	at java.lang.reflect.Method.invoke(Method.java:498)
	at org.testng.internal.MethodInvocationHelper.invokeMethod(MethodInvocationHelper.java:80)
	at org.testng.internal.Invoker.invokeMethod(Invoker.java:714)
	at org.testng.internal.Invoker.invokeTestMethod(Invoker.java:901)
	at org.testng.internal.Invoker.invokeTestMethods(Invoker.java:1231)
	at org.testng.internal.TestMethodWorker.invokeTestMethods(TestMethodWorker.java:127)
	at org.testng.internal.TestMethodWorker.run(TestMethodWorker.java:111)
	at org.testng.TestRunner.privateRun(TestRunner.java:767)
	at org.testng.TestRunner.run(TestRunner.java:617)
	at org.testng.SuiteRunner.runTest(SuiteRunner.java:334)
	at org.testng.SuiteRunner.runSequentially(SuiteRunner.java:329)
	at org.testng.SuiteRunner.privateRun(SuiteRunner.java:291)
	at org.testng.SuiteRunner.run(SuiteRunner.java:240)
	at org.testng.SuiteRunnerWorker.runSuite(SuiteRunnerWorker.java:52)
	at org.testng.SuiteRunnerWorker.run(SuiteRunnerWorker.java:86)
	at org.testng.TestNG.runSuitesSequentially(TestNG.java:1198)
	at org.testng.TestNG.runSuitesLocally(TestNG.java:1123)
	at org.testng.TestNG.run(TestNG.java:1031)
	at org.testng.remote.AbstractRemoteTestNG.run(AbstractRemoteTestNG.java:114)
	at org.testng.remote.RemoteTestNG.initAndRun(RemoteTestNG.java:251)
	at org.testng.remote.RemoteTestNG.main(RemoteTestNG.java:77)
]]>
            </full-stacktrace>
          </exception> <!-- java.lang.AssertionError -->
          <reporter-output>
            <line>
              <![CDATA[<a href='html/TRANSACTIONRISKASSERTFAILED.png'><img src='html/TRANSACTIONRISKASSERTFAILED.png' height='400' width='800'/></a> <br />]]>
            </line>
          </reporter-output>
        </test-method> <!-- testMasterAccountHoldBalanceRule -->
        <test-method status="PASS" signature="tearDown()[pri:0, instance:com.yantra.auto.yrms.scripts.RulesPage_Script@31ef45e3]" name="tearDown" is-config="true" duration-ms="309" started-at="2018-05-11T12:54:39Z" finished-at="2018-05-11T12:54:40Z">
          <reporter-output>
          </reporter-output>
        </test-method> <!-- tearDown -->
        <test-method status="PASS" signature="setup()[pri:0, instance:com.yantra.auto.yrms.scripts.RulesPage_Script@31ef45e3]" name="setup" is-config="true" duration-ms="3191" started-at="2018-05-11T12:54:40Z" finished-at="2018-05-11T12:54:43Z">
          <reporter-output>
          </reporter-output>
        </test-method> <!-- setup -->
        <test-method status="FAIL" signature="testSecondaryAccountRunningBalanceRule()[pri:0, instance:com.yantra.auto.yrms.scripts.RulesPage_Script@31ef45e3]" name="testSecondaryAccountRunningBalanceRule" duration-ms="9192" started-at="2018-05-11T12:54:43Z" finished-at="2018-05-11T12:54:52Z">
          <exception class="java.lang.AssertionError">
            <message>
              <![CDATA[expected [210] but found [0]]]>
            </message>
            <full-stacktrace>
              <![CDATA[java.lang.AssertionError: expected [210] but found [0]
	at org.testng.Assert.fail(Assert.java:94)
	at org.testng.Assert.failNotEquals(Assert.java:494)
	at org.testng.Assert.assertEquals(Assert.java:123)
	at org.testng.Assert.assertEquals(Assert.java:176)
	at org.testng.Assert.assertEquals(Assert.java:186)
	at com.yantra.auto.yrms.ui.pages.TransactionDocument.navigateToTransactionRiskReportPage(TransactionDocument.java:113)
	at com.yantra.auto.yrms.scripts.RulesPage_Script.testSecondaryAccountRunningBalanceRule(RulesPage_Script.java:687)
	at sun.reflect.NativeMethodAccessorImpl.invoke0(Native Method)
	at sun.reflect.NativeMethodAccessorImpl.invoke(NativeMethodAccessorImpl.java:62)
	at sun.reflect.DelegatingMethodAccessorImpl.invoke(DelegatingMethodAccessorImpl.java:43)
	at java.lang.reflect.Method.invoke(Method.java:498)
	at org.testng.internal.MethodInvocationHelper.invokeMethod(MethodInvocationHelper.java:80)
	at org.testng.internal.Invoker.invokeMethod(Invoker.java:714)
	at org.testng.internal.Invoker.invokeTestMethod(Invoker.java:901)
	at org.testng.internal.Invoker.invokeTestMethods(Invoker.java:1231)
	at org.testng.internal.TestMethodWorker.invokeTestMethods(TestMethodWorker.java:127)
	at org.testng.internal.TestMethodWorker.run(TestMethodWorker.java:111)
	at org.testng.TestRunner.privateRun(TestRunner.java:767)
	at org.testng.TestRunner.run(TestRunner.java:617)
	at org.testng.SuiteRunner.runTest(SuiteRunner.java:334)
	at org.testng.SuiteRunner.runSequentially(SuiteRunner.java:329)
	at org.testng.SuiteRunner.privateRun(SuiteRunner.java:291)
	at org.testng.SuiteRunner.run(SuiteRunner.java:240)
	at org.testng.SuiteRunnerWorker.runSuite(SuiteRunnerWorker.java:52)
	at org.testng.SuiteRunnerWorker.run(SuiteRunnerWorker.java:86)
	at org.testng.TestNG.runSuitesSequentially(TestNG.java:1198)
	at org.testng.TestNG.runSuitesLocally(TestNG.java:1123)
	at org.testng.TestNG.run(TestNG.java:1031)
	at org.testng.remote.AbstractRemoteTestNG.run(AbstractRemoteTestNG.java:114)
	at org.testng.remote.RemoteTestNG.initAndRun(RemoteTestNG.java:251)
	at org.testng.remote.RemoteTestNG.main(RemoteTestNG.java:77)
]]>
            </full-stacktrace>
          </exception> <!-- java.lang.AssertionError -->
          <reporter-output>
            <line>
              <![CDATA[<a href='html/TRANSACTIONRISKASSERTFAILED.png'><img src='html/TRANSACTIONRISKASSERTFAILED.png' height='400' width='800'/></a> <br />]]>
            </line>
          </reporter-output>
        </test-method> <!-- testSecondaryAccountRunningBalanceRule -->
        <test-method status="PASS" signature="tearDown()[pri:0, instance:com.yantra.auto.yrms.scripts.RulesPage_Script@31ef45e3]" name="tearDown" is-config="true" duration-ms="270" started-at="2018-05-11T12:54:52Z" finished-at="2018-05-11T12:54:52Z">
          <reporter-output>
          </reporter-output>
        </test-method> <!-- tearDown -->
        <test-method status="PASS" signature="setup()[pri:0, instance:com.yantra.auto.yrms.scripts.RulesPage_Script@31ef45e3]" name="setup" is-config="true" duration-ms="3254" started-at="2018-05-11T12:54:52Z" finished-at="2018-05-11T12:54:56Z">
          <reporter-output>
          </reporter-output>
        </test-method> <!-- setup -->
        <test-method status="FAIL" signature="testSecondaryAccountTrialBalanceRule()[pri:0, instance:com.yantra.auto.yrms.scripts.RulesPage_Script@31ef45e3]" name="testSecondaryAccountTrialBalanceRule" duration-ms="9242" started-at="2018-05-11T12:54:56Z" finished-at="2018-05-11T12:55:05Z">
          <exception class="java.lang.AssertionError">
            <message>
              <![CDATA[expected [211] but found [0]]]>
            </message>
            <full-stacktrace>
              <![CDATA[java.lang.AssertionError: expected [211] but found [0]
	at org.testng.Assert.fail(Assert.java:94)
	at org.testng.Assert.failNotEquals(Assert.java:494)
	at org.testng.Assert.assertEquals(Assert.java:123)
	at org.testng.Assert.assertEquals(Assert.java:176)
	at org.testng.Assert.assertEquals(Assert.java:186)
	at com.yantra.auto.yrms.ui.pages.TransactionDocument.navigateToTransactionRiskReportPage(TransactionDocument.java:113)
	at com.yantra.auto.yrms.scripts.RulesPage_Script.testSecondaryAccountTrialBalanceRule(RulesPage_Script.java:705)
	at sun.reflect.NativeMethodAccessorImpl.invoke0(Native Method)
	at sun.reflect.NativeMethodAccessorImpl.invoke(NativeMethodAccessorImpl.java:62)
	at sun.reflect.DelegatingMethodAccessorImpl.invoke(DelegatingMethodAccessorImpl.java:43)
	at java.lang.reflect.Method.invoke(Method.java:498)
	at org.testng.internal.MethodInvocationHelper.invokeMethod(MethodInvocationHelper.java:80)
	at org.testng.internal.Invoker.invokeMethod(Invoker.java:714)
	at org.testng.internal.Invoker.invokeTestMethod(Invoker.java:901)
	at org.testng.internal.Invoker.invokeTestMethods(Invoker.java:1231)
	at org.testng.internal.TestMethodWorker.invokeTestMethods(TestMethodWorker.java:127)
	at org.testng.internal.TestMethodWorker.run(TestMethodWorker.java:111)
	at org.testng.TestRunner.privateRun(TestRunner.java:767)
	at org.testng.TestRunner.run(TestRunner.java:617)
	at org.testng.SuiteRunner.runTest(SuiteRunner.java:334)
	at org.testng.SuiteRunner.runSequentially(SuiteRunner.java:329)
	at org.testng.SuiteRunner.privateRun(SuiteRunner.java:291)
	at org.testng.SuiteRunner.run(SuiteRunner.java:240)
	at org.testng.SuiteRunnerWorker.runSuite(SuiteRunnerWorker.java:52)
	at org.testng.SuiteRunnerWorker.run(SuiteRunnerWorker.java:86)
	at org.testng.TestNG.runSuitesSequentially(TestNG.java:1198)
	at org.testng.TestNG.runSuitesLocally(TestNG.java:1123)
	at org.testng.TestNG.run(TestNG.java:1031)
	at org.testng.remote.AbstractRemoteTestNG.run(AbstractRemoteTestNG.java:114)
	at org.testng.remote.RemoteTestNG.initAndRun(RemoteTestNG.java:251)
	at org.testng.remote.RemoteTestNG.main(RemoteTestNG.java:77)
]]>
            </full-stacktrace>
          </exception> <!-- java.lang.AssertionError -->
          <reporter-output>
            <line>
              <![CDATA[<a href='html/TRANSACTIONRISKASSERTFAILED.png'><img src='html/TRANSACTIONRISKASSERTFAILED.png' height='400' width='800'/></a> <br />]]>
            </line>
          </reporter-output>
        </test-method> <!-- testSecondaryAccountTrialBalanceRule -->
        <test-method status="PASS" signature="tearDown()[pri:0, instance:com.yantra.auto.yrms.scripts.RulesPage_Script@31ef45e3]" name="tearDown" is-config="true" duration-ms="337" started-at="2018-05-11T12:55:05Z" finished-at="2018-05-11T12:55:05Z">
          <reporter-output>
          </reporter-output>
        </test-method> <!-- tearDown -->
        <test-method status="PASS" signature="setup()[pri:0, instance:com.yantra.auto.yrms.scripts.RulesPage_Script@31ef45e3]" name="setup" is-config="true" duration-ms="3544" started-at="2018-05-11T12:55:05Z" finished-at="2018-05-11T12:55:09Z">
          <reporter-output>
          </reporter-output>
        </test-method> <!-- setup -->
        <test-method status="FAIL" signature="testSecondaryAccountHoldBalanceRule()[pri:0, instance:com.yantra.auto.yrms.scripts.RulesPage_Script@31ef45e3]" name="testSecondaryAccountHoldBalanceRule" duration-ms="9293" started-at="2018-05-11T12:55:09Z" finished-at="2018-05-11T12:55:18Z">
          <exception class="java.lang.AssertionError">
            <message>
              <![CDATA[expected [212] but found [0]]]>
            </message>
            <full-stacktrace>
              <![CDATA[java.lang.AssertionError: expected [212] but found [0]
	at org.testng.Assert.fail(Assert.java:94)
	at org.testng.Assert.failNotEquals(Assert.java:494)
	at org.testng.Assert.assertEquals(Assert.java:123)
	at org.testng.Assert.assertEquals(Assert.java:176)
	at org.testng.Assert.assertEquals(Assert.java:186)
	at com.yantra.auto.yrms.ui.pages.TransactionDocument.navigateToTransactionRiskReportPage(TransactionDocument.java:113)
	at com.yantra.auto.yrms.scripts.RulesPage_Script.testSecondaryAccountHoldBalanceRule(RulesPage_Script.java:723)
	at sun.reflect.NativeMethodAccessorImpl.invoke0(Native Method)
	at sun.reflect.NativeMethodAccessorImpl.invoke(NativeMethodAccessorImpl.java:62)
	at sun.reflect.DelegatingMethodAccessorImpl.invoke(DelegatingMethodAccessorImpl.java:43)
	at java.lang.reflect.Method.invoke(Method.java:498)
	at org.testng.internal.MethodInvocationHelper.invokeMethod(MethodInvocationHelper.java:80)
	at org.testng.internal.Invoker.invokeMethod(Invoker.java:714)
	at org.testng.internal.Invoker.invokeTestMethod(Invoker.java:901)
	at org.testng.internal.Invoker.invokeTestMethods(Invoker.java:1231)
	at org.testng.internal.TestMethodWorker.invokeTestMethods(TestMethodWorker.java:127)
	at org.testng.internal.TestMethodWorker.run(TestMethodWorker.java:111)
	at org.testng.TestRunner.privateRun(TestRunner.java:767)
	at org.testng.TestRunner.run(TestRunner.java:617)
	at org.testng.SuiteRunner.runTest(SuiteRunner.java:334)
	at org.testng.SuiteRunner.runSequentially(SuiteRunner.java:329)
	at org.testng.SuiteRunner.privateRun(SuiteRunner.java:291)
	at org.testng.SuiteRunner.run(SuiteRunner.java:240)
	at org.testng.SuiteRunnerWorker.runSuite(SuiteRunnerWorker.java:52)
	at org.testng.SuiteRunnerWorker.run(SuiteRunnerWorker.java:86)
	at org.testng.TestNG.runSuitesSequentially(TestNG.java:1198)
	at org.testng.TestNG.runSuitesLocally(TestNG.java:1123)
	at org.testng.TestNG.run(TestNG.java:1031)
	at org.testng.remote.AbstractRemoteTestNG.run(AbstractRemoteTestNG.java:114)
	at org.testng.remote.RemoteTestNG.initAndRun(RemoteTestNG.java:251)
	at org.testng.remote.RemoteTestNG.main(RemoteTestNG.java:77)
]]>
            </full-stacktrace>
          </exception> <!-- java.lang.AssertionError -->
          <reporter-output>
            <line>
              <![CDATA[<a href='html/TRANSACTIONRISKASSERTFAILED.png'><img src='html/TRANSACTIONRISKASSERTFAILED.png' height='400' width='800'/></a> <br />]]>
            </line>
          </reporter-output>
        </test-method> <!-- testSecondaryAccountHoldBalanceRule -->
        <test-method status="PASS" signature="tearDown()[pri:0, instance:com.yantra.auto.yrms.scripts.RulesPage_Script@31ef45e3]" name="tearDown" is-config="true" duration-ms="274" started-at="2018-05-11T12:55:18Z" finished-at="2018-05-11T12:55:18Z">
          <reporter-output>
          </reporter-output>
        </test-method> <!-- tearDown -->
        <test-method status="PASS" signature="setup()[pri:0, instance:com.yantra.auto.yrms.scripts.RulesPage_Script@31ef45e3]" name="setup" is-config="true" duration-ms="3018" started-at="2018-05-11T12:55:18Z" finished-at="2018-05-11T12:55:21Z">
          <reporter-output>
          </reporter-output>
        </test-method> <!-- setup -->
        <test-method status="PASS" signature="testDormantAccount()[pri:0, instance:com.yantra.auto.yrms.scripts.RulesPage_Script@31ef45e3]" name="testDormantAccount" duration-ms="11311" started-at="2018-05-11T12:55:21Z" finished-at="2018-05-11T12:55:33Z">
          <reporter-output>
          </reporter-output>
        </test-method> <!-- testDormantAccount -->
        <test-method status="PASS" signature="tearDown()[pri:0, instance:com.yantra.auto.yrms.scripts.RulesPage_Script@31ef45e3]" name="tearDown" is-config="true" duration-ms="317" started-at="2018-05-11T12:55:33Z" finished-at="2018-05-11T12:55:33Z">
          <reporter-output>
          </reporter-output>
        </test-method> <!-- tearDown -->
        <test-method status="PASS" signature="setup()[pri:0, instance:com.yantra.auto.yrms.scripts.RulesPage_Script@31ef45e3]" name="setup" is-config="true" duration-ms="2974" started-at="2018-05-11T12:55:33Z" finished-at="2018-05-11T12:55:36Z">
          <reporter-output>
          </reporter-output>
        </test-method> <!-- setup -->
        <test-method status="PASS" signature="testTLimits()[pri:0, instance:com.yantra.auto.yrms.scripts.RulesPage_Script@31ef45e3]" name="testTLimits" duration-ms="10131" started-at="2018-05-11T12:55:36Z" finished-at="2018-05-11T12:55:46Z">
          <reporter-output>
          </reporter-output>
        </test-method> <!-- testTLimits -->
        <test-method status="PASS" signature="tearDown()[pri:0, instance:com.yantra.auto.yrms.scripts.RulesPage_Script@31ef45e3]" name="tearDown" is-config="true" duration-ms="291" started-at="2018-05-11T12:55:46Z" finished-at="2018-05-11T12:55:46Z">
          <reporter-output>
          </reporter-output>
        </test-method> <!-- tearDown -->
      </class> <!-- com.yantra.auto.yrms.scripts.RulesPage_Script -->
    </test> <!-- Sanity Tests -->
  </suite> <!-- YRMS Test Suite -->
</testng-results>
